{"/Users/zhuqingyu/project/supercell/server/agents/base.ts": {"path":"/Users/zhuqingyu/project/supercell/server/agents/base.ts","statementMap":{"0":{"start":{"line":58,"column":31},"end":{"line":58,"column":null}},"1":{"start":{"line":98,"column":4},"end":{"line":98,"column":null}},"2":{"start":{"line":102,"column":10},"end":{"line":102,"column":null}},"3":{"start":{"line":103,"column":15},"end":{"line":103,"column":null}},"4":{"start":{"line":105,"column":4},"end":{"line":164,"column":null}},"5":{"start":{"line":106,"column":42},"end":{"line":109,"column":null}},"6":{"start":{"line":111,"column":18},"end":{"line":117,"column":null}},"7":{"start":{"line":119,"column":12},"end":{"line":124,"column":null}},"8":{"start":{"line":126,"column":12},"end":{"line":126,"column":null}},"9":{"start":{"line":127,"column":12},"end":{"line":127,"column":null}},"10":{"start":{"line":130,"column":6},"end":{"line":138,"column":null}},"11":{"start":{"line":131,"column":8},"end":{"line":137,"column":null}},"12":{"start":{"line":132,"column":31},"end":{"line":136,"column":12}},"13":{"start":{"line":139,"column":6},"end":{"line":147,"column":null}},"14":{"start":{"line":140,"column":8},"end":{"line":146,"column":null}},"15":{"start":{"line":141,"column":33},"end":{"line":145,"column":12}},"16":{"start":{"line":149,"column":6},"end":{"line":149,"column":null}},"17":{"start":{"line":151,"column":6},"end":{"line":159,"column":null}},"18":{"start":{"line":161,"column":18},"end":{"line":161,"column":null}},"19":{"start":{"line":162,"column":6},"end":{"line":162,"column":null}},"20":{"start":{"line":163,"column":6},"end":{"line":163,"column":null}}},"fnMap":{"0":{"name":"(anonymous_0)","decl":{"start":{"line":97,"column":12},"end":{"line":97,"column":43}},"loc":{"start":{"line":97,"column":43},"end":{"line":99,"column":null}},"line":97},"1":{"name":"(anonymous_1)","decl":{"start":{"line":101,"column":8},"end":{"line":101,"column":12}},"loc":{"start":{"line":101,"column":81},"end":{"line":165,"column":null}},"line":101},"2":{"name":"(anonymous_2)","decl":{"start":{"line":132,"column":23},"end":{"line":132,"column":24}},"loc":{"start":{"line":132,"column":31},"end":{"line":136,"column":12}},"line":132},"3":{"name":"(anonymous_3)","decl":{"start":{"line":141,"column":25},"end":{"line":141,"column":26}},"loc":{"start":{"line":141,"column":33},"end":{"line":145,"column":12}},"line":141}},"branchMap":{"0":{"loc":{"start":{"line":101,"column":12},"end":{"line":101,"column":81}},"type":"default-arg","locations":[{"start":{"line":101,"column":39},"end":{"line":101,"column":81}}],"line":101},"1":{"loc":{"start":{"line":126,"column":24},"end":{"line":126,"column":47}},"type":"binary-expr","locations":[{"start":{"line":126,"column":24},"end":{"line":126,"column":43}},{"start":{"line":126,"column":43},"end":{"line":126,"column":47}}],"line":126},"2":{"loc":{"start":{"line":127,"column":26},"end":{"line":127,"column":51}},"type":"binary-expr","locations":[{"start":{"line":127,"column":26},"end":{"line":127,"column":47}},{"start":{"line":127,"column":47},"end":{"line":127,"column":51}}],"line":127},"3":{"loc":{"start":{"line":130,"column":6},"end":{"line":138,"column":null}},"type":"if","locations":[{"start":{"line":130,"column":6},"end":{"line":138,"column":null}},{"start":{},"end":{}}],"line":130},"4":{"loc":{"start":{"line":139,"column":6},"end":{"line":147,"column":null}},"type":"if","locations":[{"start":{"line":139,"column":6},"end":{"line":147,"column":null}},{"start":{},"end":{}}],"line":139},"5":{"loc":{"start":{"line":161,"column":18},"end":{"line":161,"column":null}},"type":"cond-expr","locations":[{"start":{"line":161,"column":41},"end":{"line":161,"column":55}},{"start":{"line":161,"column":55},"end":{"line":161,"column":null}}],"line":161}},"s":{"0":1,"1":0,"2":0,"3":0,"4":0,"5":0,"6":0,"7":0,"8":0,"9":0,"10":0,"11":0,"12":0,"13":0,"14":0,"15":0,"16":0,"17":0,"18":0,"19":0,"20":0},"f":{"0":0,"1":0,"2":0,"3":0},"b":{"0":[0],"1":[0,0],"2":[0,0],"3":[0,0],"4":[0,0],"5":[0,0]},"meta":{"lastBranch":6,"lastFunction":4,"lastStatement":21,"seen":{"s:58:31:58:Infinity":0,"f:97:12:97:43":0,"s:98:4:98:Infinity":1,"f:101:8:101:12":1,"b:101:39:101:81":0,"s:102:10:102:Infinity":2,"s:103:15:103:Infinity":3,"s:105:4:164:Infinity":4,"s:106:42:109:Infinity":5,"s:111:18:117:Infinity":6,"s:119:12:124:Infinity":7,"s:126:12:126:Infinity":8,"b:126:24:126:43:126:43:126:47":1,"s:127:12:127:Infinity":9,"b:127:26:127:47:127:47:127:51":2,"b:130:6:138:Infinity:undefined:undefined:undefined:undefined":3,"s:130:6:138:Infinity":10,"s:131:8:137:Infinity":11,"f:132:23:132:24":2,"s:132:31:136:12":12,"b:139:6:147:Infinity:undefined:undefined:undefined:undefined":4,"s:139:6:147:Infinity":13,"s:140:8:146:Infinity":14,"f:141:25:141:26":3,"s:141:33:145:12":15,"s:149:6:149:Infinity":16,"s:151:6:159:Infinity":17,"s:161:18:161:Infinity":18,"b:161:41:161:55:161:55:161:Infinity":5,"s:162:6:162:Infinity":19,"s:163:6:163:Infinity":20}}}
,"/Users/zhuqingyu/project/supercell/server/agents/developer.ts": {"path":"/Users/zhuqingyu/project/supercell/server/agents/developer.ts","statementMap":{"0":{"start":{"line":9,"column":7},"end":{"line":9,"column":13}},"1":{"start":{"line":10,"column":2},"end":{"line":10,"column":null}},"2":{"start":{"line":11,"column":2},"end":{"line":12,"column":null}},"3":{"start":{"line":15,"column":4},"end":{"line":15,"column":null}},"4":{"start":{"line":19,"column":4},"end":{"line":64,"column":null}},"5":{"start":{"line":68,"column":24},"end":{"line":68,"column":null}},"6":{"start":{"line":69,"column":24},"end":{"line":74,"column":null}},"7":{"start":{"line":76,"column":33},"end":{"line":79,"column":null}},"8":{"start":{"line":81,"column":10},"end":{"line":81,"column":null}},"9":{"start":{"line":83,"column":6},"end":{"line":85,"column":null}},"10":{"start":{"line":87,"column":4},"end":{"line":98,"column":null}}},"fnMap":{"0":{"name":"(anonymous_0)","decl":{"start":{"line":9,"column":7},"end":{"line":9,"column":13}},"loc":{"start":{"line":9,"column":7},"end":{"line":12,"column":null}},"line":9},"1":{"name":"(anonymous_1)","decl":{"start":{"line":14,"column":12},"end":{"line":14,"column":31}},"loc":{"start":{"line":14,"column":31},"end":{"line":16,"column":null}},"line":14},"2":{"name":"(anonymous_2)","decl":{"start":{"line":18,"column":12},"end":{"line":18,"column":40}},"loc":{"start":{"line":18,"column":40},"end":{"line":65,"column":null}},"line":18},"3":{"name":"(anonymous_3)","decl":{"start":{"line":67,"column":18},"end":{"line":67,"column":35}},"loc":{"start":{"line":67,"column":78},"end":{"line":101,"column":null}},"line":67}},"branchMap":{"0":{"loc":{"start":{"line":15,"column":11},"end":{"line":15,"column":null}},"type":"binary-expr","locations":[{"start":{"line":15,"column":11},"end":{"line":15,"column":48}},{"start":{"line":15,"column":48},"end":{"line":15,"column":null}}],"line":15},"1":{"loc":{"start":{"line":83,"column":6},"end":{"line":85,"column":null}},"type":"cond-expr","locations":[{"start":{"line":84,"column":10},"end":{"line":84,"column":null}},{"start":{"line":85,"column":10},"end":{"line":85,"column":null}}],"line":83},"2":{"loc":{"start":{"line":83,"column":6},"end":{"line":83,"column":null}},"type":"binary-expr","locations":[{"start":{"line":83,"column":6},"end":{"line":83,"column":25}},{"start":{"line":83,"column":25},"end":{"line":83,"column":null}}],"line":83}},"s":{"0":1,"1":1,"2":1,"3":0,"4":0,"5":0,"6":0,"7":0,"8":0,"9":0,"10":0},"f":{"0":1,"1":0,"2":0,"3":0},"b":{"0":[0,0],"1":[0,0],"2":[0,0]},"meta":{"lastBranch":3,"lastFunction":4,"lastStatement":11,"seen":{"f:9:7:9:13":0,"s:9:7:9:13":0,"s:10:2:10:Infinity":1,"s:11:2:12:Infinity":2,"f:14:12:14:31":1,"s:15:4:15:Infinity":3,"b:15:11:15:48:15:48:15:Infinity":0,"f:18:12:18:40":2,"s:19:4:64:Infinity":4,"f:67:18:67:35":3,"s:68:24:68:Infinity":5,"s:69:24:74:Infinity":6,"s:76:33:79:Infinity":7,"s:81:10:81:Infinity":8,"s:83:6:85:Infinity":9,"b:84:10:84:Infinity:85:10:85:Infinity":1,"b:83:6:83:25:83:25:83:Infinity":2,"s:87:4:98:Infinity":10}}}
,"/Users/zhuqingyu/project/supercell/server/agents/orchestrator.ts": {"path":"/Users/zhuqingyu/project/supercell/server/agents/orchestrator.ts","statementMap":{"0":{"start":{"line":13,"column":27},"end":{"line":13,"column":null}},"1":{"start":{"line":17,"column":2},"end":{"line":17,"column":null}},"2":{"start":{"line":21,"column":21},"end":{"line":21,"column":null}},"3":{"start":{"line":22,"column":2},"end":{"line":22,"column":null}},"4":{"start":{"line":22,"column":31},"end":{"line":22,"column":null}},"5":{"start":{"line":25,"column":2},"end":{"line":25,"column":null}},"6":{"start":{"line":25,"column":28},"end":{"line":25,"column":null}},"7":{"start":{"line":26,"column":2},"end":{"line":26,"column":null}},"8":{"start":{"line":26,"column":52},"end":{"line":26,"column":null}},"9":{"start":{"line":27,"column":2},"end":{"line":27,"column":null}},"10":{"start":{"line":31,"column":45},"end":{"line":37,"column":null}},"11":{"start":{"line":55,"column":24},"end":{"line":61,"column":null}},"12":{"start":{"line":68,"column":2},"end":{"line":70,"column":null}},"13":{"start":{"line":69,"column":4},"end":{"line":69,"column":null}},"14":{"start":{"line":71,"column":16},"end":{"line":71,"column":null}},"15":{"start":{"line":72,"column":2},"end":{"line":72,"column":null}},"16":{"start":{"line":72,"column":14},"end":{"line":72,"column":null}},"17":{"start":{"line":74,"column":2},"end":{"line":74,"column":null}},"18":{"start":{"line":75,"column":2},"end":{"line":75,"column":null}},"19":{"start":{"line":76,"column":2},"end":{"line":88,"column":null}},"20":{"start":{"line":77,"column":19},"end":{"line":77,"column":null}},"21":{"start":{"line":78,"column":4},"end":{"line":78,"column":null}},"22":{"start":{"line":79,"column":4},"end":{"line":83,"column":null}},"23":{"start":{"line":84,"column":4},"end":{"line":84,"column":null}},"24":{"start":{"line":86,"column":4},"end":{"line":86,"column":null}},"25":{"start":{"line":87,"column":4},"end":{"line":87,"column":null}},"26":{"start":{"line":93,"column":16},"end":{"line":93,"column":null}},"27":{"start":{"line":94,"column":2},"end":{"line":94,"column":null}},"28":{"start":{"line":97,"column":18},"end":{"line":99,"column":null}},"29":{"start":{"line":98,"column":21},"end":{"line":98,"column":54}},"30":{"start":{"line":101,"column":33},"end":{"line":101,"column":null}},"31":{"start":{"line":102,"column":2},"end":{"line":108,"column":null}},"32":{"start":{"line":103,"column":4},"end":{"line":107,"column":null}},"33":{"start":{"line":104,"column":6},"end":{"line":104,"column":null}},"34":{"start":{"line":106,"column":6},"end":{"line":106,"column":null}},"35":{"start":{"line":109,"column":2},"end":{"line":109,"column":null}},"36":{"start":{"line":114,"column":29},"end":{"line":114,"column":null}},"37":{"start":{"line":115,"column":2},"end":{"line":115,"column":null}},"38":{"start":{"line":120,"column":22},"end":{"line":120,"column":null}},"39":{"start":{"line":121,"column":18},"end":{"line":123,"column":null}},"40":{"start":{"line":122,"column":27},"end":{"line":122,"column":60}},"41":{"start":{"line":124,"column":33},"end":{"line":124,"column":null}},"42":{"start":{"line":125,"column":2},"end":{"line":128,"column":null}},"43":{"start":{"line":126,"column":4},"end":{"line":127,"column":null}},"44":{"start":{"line":126,"column":40},"end":{"line":126,"column":null}},"45":{"start":{"line":127,"column":9},"end":{"line":127,"column":null}},"46":{"start":{"line":129,"column":2},"end":{"line":129,"column":null}},"47":{"start":{"line":134,"column":2},"end":{"line":136,"column":null}},"48":{"start":{"line":135,"column":4},"end":{"line":135,"column":null}},"49":{"start":{"line":137,"column":2},"end":{"line":139,"column":null}},"50":{"start":{"line":138,"column":4},"end":{"line":138,"column":null}},"51":{"start":{"line":140,"column":2},"end":{"line":140,"column":null}},"52":{"start":{"line":141,"column":2},"end":{"line":146,"column":null}},"53":{"start":{"line":142,"column":4},"end":{"line":142,"column":null}},"54":{"start":{"line":143,"column":4},"end":{"line":145,"column":null}},"55":{"start":{"line":144,"column":6},"end":{"line":144,"column":null}},"56":{"start":{"line":147,"column":2},"end":{"line":147,"column":null}},"57":{"start":{"line":152,"column":2},"end":{"line":157,"column":null}},"58":{"start":{"line":153,"column":4},"end":{"line":153,"column":null}},"59":{"start":{"line":154,"column":4},"end":{"line":154,"column":null}},"60":{"start":{"line":155,"column":4},"end":{"line":155,"column":null}},"61":{"start":{"line":156,"column":4},"end":{"line":156,"column":null}},"62":{"start":{"line":161,"column":2},"end":{"line":166,"column":null}},"63":{"start":{"line":170,"column":2},"end":{"line":170,"column":null}},"64":{"start":{"line":177,"column":2},"end":{"line":179,"column":null}},"65":{"start":{"line":178,"column":24},"end":{"line":178,"column":null}}},"fnMap":{"0":{"name":"isAgentName","decl":{"start":{"line":16,"column":16},"end":{"line":16,"column":28}},"loc":{"start":{"line":16,"column":61},"end":{"line":18,"column":null}},"line":16},"1":{"name":"normalizeAgentName","decl":{"start":{"line":20,"column":16},"end":{"line":20,"column":35}},"loc":{"start":{"line":20,"column":67},"end":{"line":28,"column":null}},"line":20},"2":{"name":"runAgent","decl":{"start":{"line":64,"column":22},"end":{"line":64,"column":null}},"loc":{"start":{"line":67,"column":24},"end":{"line":89,"column":null}},"line":67},"3":{"name":"runAllAgents","decl":{"start":{"line":92,"column":22},"end":{"line":92,"column":61}},"loc":{"start":{"line":92,"column":61},"end":{"line":110,"column":null}},"line":92},"4":{"name":"(anonymous_4)","decl":{"start":{"line":98,"column":14},"end":{"line":98,"column":15}},"loc":{"start":{"line":98,"column":21},"end":{"line":98,"column":54}},"line":98},"5":{"name":"runTeamAgents","decl":{"start":{"line":113,"column":22},"end":{"line":113,"column":62}},"loc":{"start":{"line":113,"column":62},"end":{"line":116,"column":null}},"line":113},"6":{"name":"runAgents","decl":{"start":{"line":119,"column":22},"end":{"line":119,"column":32}},"loc":{"start":{"line":119,"column":76},"end":{"line":130,"column":null}},"line":119},"7":{"name":"(anonymous_7)","decl":{"start":{"line":122,"column":20},"end":{"line":122,"column":21}},"loc":{"start":{"line":122,"column":27},"end":{"line":122,"column":60}},"line":122},"8":{"name":"scheduleCron","decl":{"start":{"line":133,"column":16},"end":{"line":133,"column":29}},"loc":{"start":{"line":133,"column":55},"end":{"line":148,"column":null}},"line":133},"9":{"name":"(anonymous_9)","decl":{"start":{"line":141,"column":45},"end":{"line":141,"column":51}},"loc":{"start":{"line":141,"column":51},"end":{"line":146,"column":3}},"line":141},"10":{"name":"(anonymous_10)","decl":{"start":{"line":143,"column":25},"end":{"line":143,"column":26}},"loc":{"start":{"line":144,"column":6},"end":{"line":144,"column":null}},"line":144},"11":{"name":"stopCron","decl":{"start":{"line":151,"column":16},"end":{"line":151,"column":33}},"loc":{"start":{"line":151,"column":33},"end":{"line":158,"column":null}},"line":151},"12":{"name":"getStatus","decl":{"start":{"line":160,"column":16},"end":{"line":160,"column":48}},"loc":{"start":{"line":160,"column":48},"end":{"line":167,"column":null}},"line":160},"13":{"name":"getCachedResult","decl":{"start":{"line":169,"column":16},"end":{"line":169,"column":32}},"loc":{"start":{"line":169,"column":74},"end":{"line":171,"column":null}},"line":169},"14":{"name":"getAgentInfo","decl":{"start":{"line":173,"column":16},"end":{"line":173,"column":null}},"loc":{"start":{"line":176,"column":3},"end":{"line":180,"column":null}},"line":176},"15":{"name":"(anonymous_15)","decl":{"start":{"line":178,"column":4},"end":{"line":178,"column":5}},"loc":{"start":{"line":178,"column":24},"end":{"line":178,"column":null}},"line":178}},"branchMap":{"0":{"loc":{"start":{"line":22,"column":2},"end":{"line":22,"column":null}},"type":"if","locations":[{"start":{"line":22,"column":2},"end":{"line":22,"column":null}},{"start":{},"end":{}}],"line":22},"1":{"loc":{"start":{"line":25,"column":2},"end":{"line":25,"column":null}},"type":"if","locations":[{"start":{"line":25,"column":2},"end":{"line":25,"column":null}},{"start":{},"end":{}}],"line":25},"2":{"loc":{"start":{"line":26,"column":2},"end":{"line":26,"column":null}},"type":"if","locations":[{"start":{"line":26,"column":2},"end":{"line":26,"column":null}},{"start":{},"end":{}}],"line":26},"3":{"loc":{"start":{"line":26,"column":6},"end":{"line":26,"column":52}},"type":"binary-expr","locations":[{"start":{"line":26,"column":6},"end":{"line":26,"column":29}},{"start":{"line":26,"column":29},"end":{"line":26,"column":52}}],"line":26},"4":{"loc":{"start":{"line":66,"column":2},"end":{"line":66,"column":null}},"type":"default-arg","locations":[{"start":{"line":66,"column":29},"end":{"line":66,"column":null}}],"line":66},"5":{"loc":{"start":{"line":68,"column":2},"end":{"line":70,"column":null}},"type":"if","locations":[{"start":{"line":68,"column":2},"end":{"line":70,"column":null}},{"start":{},"end":{}}],"line":68},"6":{"loc":{"start":{"line":72,"column":2},"end":{"line":72,"column":null}},"type":"if","locations":[{"start":{"line":72,"column":2},"end":{"line":72,"column":null}},{"start":{},"end":{}}],"line":72},"7":{"loc":{"start":{"line":103,"column":4},"end":{"line":107,"column":null}},"type":"if","locations":[{"start":{"line":103,"column":4},"end":{"line":107,"column":null}},{"start":{"line":105,"column":11},"end":{"line":107,"column":null}}],"line":103},"8":{"loc":{"start":{"line":126,"column":4},"end":{"line":127,"column":null}},"type":"if","locations":[{"start":{"line":126,"column":4},"end":{"line":127,"column":null}},{"start":{"line":127,"column":9},"end":{"line":127,"column":null}}],"line":126},"9":{"loc":{"start":{"line":134,"column":2},"end":{"line":136,"column":null}},"type":"if","locations":[{"start":{"line":134,"column":2},"end":{"line":136,"column":null}},{"start":{},"end":{}}],"line":134},"10":{"loc":{"start":{"line":137,"column":2},"end":{"line":139,"column":null}},"type":"if","locations":[{"start":{"line":137,"column":2},"end":{"line":139,"column":null}},{"start":{},"end":{}}],"line":137},"11":{"loc":{"start":{"line":152,"column":2},"end":{"line":157,"column":null}},"type":"if","locations":[{"start":{"line":152,"column":2},"end":{"line":157,"column":null}},{"start":{},"end":{}}],"line":152},"12":{"loc":{"start":{"line":164,"column":15},"end":{"line":164,"column":null}},"type":"binary-expr","locations":[{"start":{"line":164,"column":15},"end":{"line":164,"column":49}},{"start":{"line":164,"column":49},"end":{"line":164,"column":null}}],"line":164}},"s":{"0":1,"1":10,"2":10,"3":10,"4":6,"5":4,"6":1,"7":3,"8":2,"9":1,"10":1,"11":1,"12":0,"13":0,"14":0,"15":0,"16":0,"17":0,"18":0,"19":0,"20":0,"21":0,"22":0,"23":0,"24":0,"25":0,"26":0,"27":0,"28":0,"29":0,"30":0,"31":0,"32":0,"33":0,"34":0,"35":0,"36":0,"37":0,"38":0,"39":0,"40":0,"41":0,"42":0,"43":0,"44":0,"45":0,"46":0,"47":0,"48":0,"49":0,"50":0,"51":0,"52":0,"53":0,"54":0,"55":0,"56":0,"57":0,"58":0,"59":0,"60":0,"61":0,"62":0,"63":0,"64":0,"65":0},"f":{"0":10,"1":10,"2":0,"3":0,"4":0,"5":0,"6":0,"7":0,"8":0,"9":0,"10":0,"11":0,"12":0,"13":0,"14":0,"15":0},"b":{"0":[6,4],"1":[1,3],"2":[2,1],"3":[3,1],"4":[0],"5":[0,0],"6":[0,0],"7":[0,0],"8":[0,0],"9":[0,0],"10":[0,0],"11":[0,0],"12":[0,0]},"meta":{"lastBranch":13,"lastFunction":16,"lastStatement":66,"seen":{"s:13:27:13:Infinity":0,"f:16:16:16:28":0,"s:17:2:17:Infinity":1,"f:20:16:20:35":1,"s:21:21:21:Infinity":2,"b:22:2:22:Infinity:undefined:undefined:undefined:undefined":0,"s:22:2:22:Infinity":3,"s:22:31:22:Infinity":4,"b:25:2:25:Infinity:undefined:undefined:undefined:undefined":1,"s:25:2:25:Infinity":5,"s:25:28:25:Infinity":6,"b:26:2:26:Infinity:undefined:undefined:undefined:undefined":2,"s:26:2:26:Infinity":7,"b:26:6:26:29:26:29:26:52":3,"s:26:52:26:Infinity":8,"s:27:2:27:Infinity":9,"s:31:45:37:Infinity":10,"s:55:24:61:Infinity":11,"f:64:22:64:Infinity":2,"b:66:29:66:Infinity":4,"b:68:2:70:Infinity:undefined:undefined:undefined:undefined":5,"s:68:2:70:Infinity":12,"s:69:4:69:Infinity":13,"s:71:16:71:Infinity":14,"b:72:2:72:Infinity:undefined:undefined:undefined:undefined":6,"s:72:2:72:Infinity":15,"s:72:14:72:Infinity":16,"s:74:2:74:Infinity":17,"s:75:2:75:Infinity":18,"s:76:2:88:Infinity":19,"s:77:19:77:Infinity":20,"s:78:4:78:Infinity":21,"s:79:4:83:Infinity":22,"s:84:4:84:Infinity":23,"s:86:4:86:Infinity":24,"s:87:4:87:Infinity":25,"f:92:22:92:61":3,"s:93:16:93:Infinity":26,"s:94:2:94:Infinity":27,"s:97:18:99:Infinity":28,"f:98:14:98:15":4,"s:98:21:98:54":29,"s:101:33:101:Infinity":30,"s:102:2:108:Infinity":31,"b:103:4:107:Infinity:105:11:107:Infinity":7,"s:103:4:107:Infinity":32,"s:104:6:104:Infinity":33,"s:106:6:106:Infinity":34,"s:109:2:109:Infinity":35,"f:113:22:113:62":5,"s:114:29:114:Infinity":36,"s:115:2:115:Infinity":37,"f:119:22:119:32":6,"s:120:22:120:Infinity":38,"s:121:18:123:Infinity":39,"f:122:20:122:21":7,"s:122:27:122:60":40,"s:124:33:124:Infinity":41,"s:125:2:128:Infinity":42,"b:126:4:127:Infinity:127:9:127:Infinity":8,"s:126:4:127:Infinity":43,"s:126:40:126:Infinity":44,"s:127:9:127:Infinity":45,"s:129:2:129:Infinity":46,"f:133:16:133:29":8,"b:134:2:136:Infinity:undefined:undefined:undefined:undefined":9,"s:134:2:136:Infinity":47,"s:135:4:135:Infinity":48,"b:137:2:139:Infinity:undefined:undefined:undefined:undefined":10,"s:137:2:139:Infinity":49,"s:138:4:138:Infinity":50,"s:140:2:140:Infinity":51,"s:141:2:146:Infinity":52,"f:141:45:141:51":9,"s:142:4:142:Infinity":53,"s:143:4:145:Infinity":54,"f:143:25:143:26":10,"s:144:6:144:Infinity":55,"s:147:2:147:Infinity":56,"f:151:16:151:33":11,"b:152:2:157:Infinity:undefined:undefined:undefined:undefined":11,"s:152:2:157:Infinity":57,"s:153:4:153:Infinity":58,"s:154:4:154:Infinity":59,"s:155:4:155:Infinity":60,"s:156:4:156:Infinity":61,"f:160:16:160:48":12,"s:161:2:166:Infinity":62,"b:164:15:164:49:164:49:164:Infinity":12,"f:169:16:169:32":13,"s:170:2:170:Infinity":63,"f:173:16:173:Infinity":14,"s:177:2:179:Infinity":64,"f:178:4:178:5":15,"s:178:24:178:Infinity":65}}}
,"/Users/zhuqingyu/project/supercell/server/agents/pm.ts": {"path":"/Users/zhuqingyu/project/supercell/server/agents/pm.ts","statementMap":{"0":{"start":{"line":8,"column":17},"end":{"line":17,"column":null}},"1":{"start":{"line":19,"column":7},"end":{"line":19,"column":13}},"2":{"start":{"line":20,"column":2},"end":{"line":20,"column":null}},"3":{"start":{"line":21,"column":2},"end":{"line":22,"column":null}},"4":{"start":{"line":25,"column":4},"end":{"line":60,"column":null}},"5":{"start":{"line":64,"column":25},"end":{"line":67,"column":null}},"6":{"start":{"line":68,"column":10},"end":{"line":68,"column":null}},"7":{"start":{"line":70,"column":6},"end":{"line":72,"column":null}},"8":{"start":{"line":74,"column":17},"end":{"line":74,"column":null}},"9":{"start":{"line":75,"column":26},"end":{"line":82,"column":null}},"10":{"start":{"line":81,"column":21},"end":{"line":81,"column":38}},"11":{"start":{"line":84,"column":4},"end":{"line":116,"column":null}}},"fnMap":{"0":{"name":"(anonymous_0)","decl":{"start":{"line":19,"column":7},"end":{"line":19,"column":13}},"loc":{"start":{"line":19,"column":7},"end":{"line":22,"column":null}},"line":19},"1":{"name":"(anonymous_1)","decl":{"start":{"line":24,"column":12},"end":{"line":24,"column":40}},"loc":{"start":{"line":24,"column":40},"end":{"line":61,"column":null}},"line":24},"2":{"name":"(anonymous_2)","decl":{"start":{"line":63,"column":18},"end":{"line":63,"column":35}},"loc":{"start":{"line":63,"column":78},"end":{"line":119,"column":null}},"line":63},"3":{"name":"(anonymous_3)","decl":{"start":{"line":81,"column":14},"end":{"line":81,"column":15}},"loc":{"start":{"line":81,"column":21},"end":{"line":81,"column":38}},"line":81}},"branchMap":{"0":{"loc":{"start":{"line":70,"column":6},"end":{"line":72,"column":null}},"type":"cond-expr","locations":[{"start":{"line":71,"column":10},"end":{"line":71,"column":null}},{"start":{"line":72,"column":10},"end":{"line":72,"column":null}}],"line":70},"1":{"loc":{"start":{"line":70,"column":6},"end":{"line":70,"column":null}},"type":"binary-expr","locations":[{"start":{"line":70,"column":6},"end":{"line":70,"column":25}},{"start":{"line":70,"column":25},"end":{"line":70,"column":null}}],"line":70},"2":{"loc":{"start":{"line":81,"column":21},"end":{"line":81,"column":38}},"type":"binary-expr","locations":[{"start":{"line":81,"column":21},"end":{"line":81,"column":29}},{"start":{"line":81,"column":29},"end":{"line":81,"column":38}}],"line":81},"3":{"loc":{"start":{"line":90,"column":45},"end":{"line":90,"column":85}},"type":"binary-expr","locations":[{"start":{"line":90,"column":45},"end":{"line":90,"column":62}},{"start":{"line":90,"column":62},"end":{"line":90,"column":85}}],"line":90}},"s":{"0":1,"1":1,"2":1,"3":1,"4":0,"5":0,"6":0,"7":0,"8":0,"9":0,"10":0,"11":0},"f":{"0":1,"1":0,"2":0,"3":0},"b":{"0":[0,0],"1":[0,0],"2":[0,0],"3":[0,0]},"meta":{"lastBranch":4,"lastFunction":4,"lastStatement":12,"seen":{"s:8:17:17:Infinity":0,"f:19:7:19:13":0,"s:19:7:19:13":1,"s:20:2:20:Infinity":2,"s:21:2:22:Infinity":3,"f:24:12:24:40":1,"s:25:4:60:Infinity":4,"f:63:18:63:35":2,"s:64:25:67:Infinity":5,"s:68:10:68:Infinity":6,"s:70:6:72:Infinity":7,"b:71:10:71:Infinity:72:10:72:Infinity":0,"b:70:6:70:25:70:25:70:Infinity":1,"s:74:17:74:Infinity":8,"s:75:26:82:Infinity":9,"f:81:14:81:15":3,"s:81:21:81:38":10,"b:81:21:81:29:81:29:81:38":2,"s:84:4:116:Infinity":11,"b:90:45:90:62:90:62:90:85":3}}}
,"/Users/zhuqingyu/project/supercell/server/agents/product.ts": {"path":"/Users/zhuqingyu/project/supercell/server/agents/product.ts","statementMap":{"0":{"start":{"line":8,"column":22},"end":{"line":15,"column":null}},"1":{"start":{"line":17,"column":7},"end":{"line":17,"column":13}},"2":{"start":{"line":18,"column":2},"end":{"line":18,"column":null}},"3":{"start":{"line":19,"column":2},"end":{"line":19,"column":null}},"4":{"start":{"line":22,"column":4},"end":{"line":35,"column":null}},"5":{"start":{"line":39,"column":25},"end":{"line":42,"column":null}},"6":{"start":{"line":43,"column":10},"end":{"line":43,"column":null}},"7":{"start":{"line":45,"column":6},"end":{"line":47,"column":null}},"8":{"start":{"line":49,"column":4},"end":{"line":64,"column":null}}},"fnMap":{"0":{"name":"(anonymous_0)","decl":{"start":{"line":17,"column":7},"end":{"line":17,"column":13}},"loc":{"start":{"line":17,"column":7},"end":{"line":19,"column":null}},"line":17},"1":{"name":"(anonymous_1)","decl":{"start":{"line":21,"column":12},"end":{"line":21,"column":40}},"loc":{"start":{"line":21,"column":40},"end":{"line":36,"column":null}},"line":21},"2":{"name":"(anonymous_2)","decl":{"start":{"line":38,"column":18},"end":{"line":38,"column":35}},"loc":{"start":{"line":38,"column":78},"end":{"line":67,"column":null}},"line":38}},"branchMap":{"0":{"loc":{"start":{"line":45,"column":6},"end":{"line":47,"column":null}},"type":"cond-expr","locations":[{"start":{"line":46,"column":10},"end":{"line":46,"column":null}},{"start":{"line":47,"column":10},"end":{"line":47,"column":null}}],"line":45},"1":{"loc":{"start":{"line":45,"column":6},"end":{"line":45,"column":null}},"type":"binary-expr","locations":[{"start":{"line":45,"column":6},"end":{"line":45,"column":25}},{"start":{"line":45,"column":25},"end":{"line":45,"column":null}}],"line":45}},"s":{"0":1,"1":1,"2":1,"3":1,"4":0,"5":0,"6":0,"7":0,"8":0},"f":{"0":1,"1":0,"2":0},"b":{"0":[0,0],"1":[0,0]},"meta":{"lastBranch":2,"lastFunction":3,"lastStatement":9,"seen":{"s:8:22:15:Infinity":0,"f:17:7:17:13":0,"s:17:7:17:13":1,"s:18:2:18:Infinity":2,"s:19:2:19:Infinity":3,"f:21:12:21:40":1,"s:22:4:35:Infinity":4,"f:38:18:38:35":2,"s:39:25:42:Infinity":5,"s:43:10:43:Infinity":6,"s:45:6:47:Infinity":7,"b:46:10:46:Infinity:47:10:47:Infinity":0,"b:45:6:45:25:45:25:45:Infinity":1,"s:49:4:64:Infinity":8}}}
,"/Users/zhuqingyu/project/supercell/server/agents/tester.ts": {"path":"/Users/zhuqingyu/project/supercell/server/agents/tester.ts","statementMap":{"0":{"start":{"line":9,"column":7},"end":{"line":9,"column":13}},"1":{"start":{"line":10,"column":2},"end":{"line":10,"column":null}},"2":{"start":{"line":11,"column":2},"end":{"line":12,"column":null}},"3":{"start":{"line":15,"column":4},"end":{"line":15,"column":null}},"4":{"start":{"line":19,"column":4},"end":{"line":63,"column":null}},"5":{"start":{"line":68,"column":24},"end":{"line":68,"column":null}},"6":{"start":{"line":71,"column":22},"end":{"line":73,"column":null}},"7":{"start":{"line":72,"column":13},"end":{"line":72,"column":null}},"8":{"start":{"line":74,"column":24},"end":{"line":76,"column":null}},"9":{"start":{"line":75,"column":13},"end":{"line":75,"column":null}},"10":{"start":{"line":78,"column":48},"end":{"line":81,"column":null}},"11":{"start":{"line":83,"column":10},"end":{"line":83,"column":null}},"12":{"start":{"line":85,"column":6},"end":{"line":87,"column":null}},"13":{"start":{"line":89,"column":6},"end":{"line":91,"column":null}},"14":{"start":{"line":93,"column":4},"end":{"line":107,"column":null}}},"fnMap":{"0":{"name":"(anonymous_0)","decl":{"start":{"line":9,"column":7},"end":{"line":9,"column":13}},"loc":{"start":{"line":9,"column":7},"end":{"line":12,"column":null}},"line":9},"1":{"name":"(anonymous_1)","decl":{"start":{"line":14,"column":12},"end":{"line":14,"column":31}},"loc":{"start":{"line":14,"column":31},"end":{"line":16,"column":null}},"line":14},"2":{"name":"(anonymous_2)","decl":{"start":{"line":18,"column":12},"end":{"line":18,"column":40}},"loc":{"start":{"line":18,"column":40},"end":{"line":64,"column":null}},"line":18},"3":{"name":"(anonymous_3)","decl":{"start":{"line":66,"column":18},"end":{"line":66,"column":35}},"loc":{"start":{"line":66,"column":78},"end":{"line":118,"column":null}},"line":66},"4":{"name":"(anonymous_4)","decl":{"start":{"line":72,"column":6},"end":{"line":72,"column":7}},"loc":{"start":{"line":72,"column":13},"end":{"line":72,"column":null}},"line":72},"5":{"name":"(anonymous_5)","decl":{"start":{"line":75,"column":6},"end":{"line":75,"column":7}},"loc":{"start":{"line":75,"column":13},"end":{"line":75,"column":null}},"line":75}},"branchMap":{"0":{"loc":{"start":{"line":15,"column":11},"end":{"line":15,"column":null}},"type":"binary-expr","locations":[{"start":{"line":15,"column":11},"end":{"line":15,"column":45}},{"start":{"line":15,"column":45},"end":{"line":15,"column":null}}],"line":15},"1":{"loc":{"start":{"line":72,"column":13},"end":{"line":72,"column":null}},"type":"binary-expr","locations":[{"start":{"line":72,"column":13},"end":{"line":72,"column":37}},{"start":{"line":72,"column":37},"end":{"line":72,"column":null}}],"line":72},"2":{"loc":{"start":{"line":75,"column":13},"end":{"line":75,"column":null}},"type":"binary-expr","locations":[{"start":{"line":75,"column":13},"end":{"line":75,"column":38}},{"start":{"line":75,"column":38},"end":{"line":75,"column":null}}],"line":75},"3":{"loc":{"start":{"line":85,"column":6},"end":{"line":87,"column":null}},"type":"cond-expr","locations":[{"start":{"line":85,"column":32},"end":{"line":86,"column":null}},{"start":{"line":87,"column":10},"end":{"line":87,"column":null}}],"line":85},"4":{"loc":{"start":{"line":89,"column":6},"end":{"line":91,"column":null}},"type":"cond-expr","locations":[{"start":{"line":90,"column":10},"end":{"line":90,"column":null}},{"start":{"line":91,"column":10},"end":{"line":91,"column":null}}],"line":89},"5":{"loc":{"start":{"line":89,"column":6},"end":{"line":89,"column":null}},"type":"binary-expr","locations":[{"start":{"line":89,"column":6},"end":{"line":89,"column":25}},{"start":{"line":89,"column":25},"end":{"line":89,"column":null}}],"line":89}},"s":{"0":1,"1":1,"2":1,"3":0,"4":0,"5":0,"6":0,"7":0,"8":0,"9":0,"10":0,"11":0,"12":0,"13":0,"14":0},"f":{"0":1,"1":0,"2":0,"3":0,"4":0,"5":0},"b":{"0":[0,0],"1":[0,0],"2":[0,0],"3":[0,0],"4":[0,0],"5":[0,0]},"meta":{"lastBranch":6,"lastFunction":6,"lastStatement":15,"seen":{"f:9:7:9:13":0,"s:9:7:9:13":0,"s:10:2:10:Infinity":1,"s:11:2:12:Infinity":2,"f:14:12:14:31":1,"s:15:4:15:Infinity":3,"b:15:11:15:45:15:45:15:Infinity":0,"f:18:12:18:40":2,"s:19:4:63:Infinity":4,"f:66:18:66:35":3,"s:68:24:68:Infinity":5,"s:71:22:73:Infinity":6,"f:72:6:72:7":4,"s:72:13:72:Infinity":7,"b:72:13:72:37:72:37:72:Infinity":1,"s:74:24:76:Infinity":8,"f:75:6:75:7":5,"s:75:13:75:Infinity":9,"b:75:13:75:38:75:38:75:Infinity":2,"s:78:48:81:Infinity":10,"s:83:10:83:Infinity":11,"s:85:6:87:Infinity":12,"b:85:32:86:Infinity:87:10:87:Infinity":3,"s:89:6:91:Infinity":13,"b:90:10:90:Infinity:91:10:91:Infinity":4,"b:89:6:89:25:89:25:89:Infinity":5,"s:93:4:107:Infinity":14}}}
,"/Users/zhuqingyu/project/supercell/server/agents/xiao-q.ts": {"path":"/Users/zhuqingyu/project/supercell/server/agents/xiao-q.ts","statementMap":{"0":{"start":{"line":13,"column":7},"end":{"line":13,"column":13}},"1":{"start":{"line":14,"column":2},"end":{"line":14,"column":null}},"2":{"start":{"line":15,"column":2},"end":{"line":16,"column":null}},"3":{"start":{"line":19,"column":4},"end":{"line":65,"column":null}},"4":{"start":{"line":69,"column":24},"end":{"line":79,"column":null}},"5":{"start":{"line":81,"column":25},"end":{"line":84,"column":null}},"6":{"start":{"line":86,"column":10},"end":{"line":86,"column":null}},"7":{"start":{"line":89,"column":6},"end":{"line":91,"column":null}},"8":{"start":{"line":93,"column":24},"end":{"line":93,"column":null}},"9":{"start":{"line":94,"column":21},"end":{"line":94,"column":null}},"10":{"start":{"line":96,"column":4},"end":{"line":110,"column":null}}},"fnMap":{"0":{"name":"(anonymous_0)","decl":{"start":{"line":13,"column":7},"end":{"line":13,"column":13}},"loc":{"start":{"line":13,"column":7},"end":{"line":16,"column":null}},"line":13},"1":{"name":"(anonymous_1)","decl":{"start":{"line":18,"column":12},"end":{"line":18,"column":40}},"loc":{"start":{"line":18,"column":40},"end":{"line":66,"column":null}},"line":18},"2":{"name":"(anonymous_2)","decl":{"start":{"line":68,"column":18},"end":{"line":68,"column":35}},"loc":{"start":{"line":68,"column":78},"end":{"line":113,"column":null}},"line":68}},"branchMap":{"0":{"loc":{"start":{"line":89,"column":6},"end":{"line":91,"column":null}},"type":"cond-expr","locations":[{"start":{"line":90,"column":10},"end":{"line":90,"column":null}},{"start":{"line":91,"column":10},"end":{"line":91,"column":null}}],"line":89},"1":{"loc":{"start":{"line":89,"column":6},"end":{"line":89,"column":null}},"type":"binary-expr","locations":[{"start":{"line":89,"column":6},"end":{"line":89,"column":25}},{"start":{"line":89,"column":25},"end":{"line":89,"column":null}}],"line":89}},"s":{"0":1,"1":1,"2":1,"3":0,"4":0,"5":0,"6":0,"7":0,"8":0,"9":0,"10":0},"f":{"0":1,"1":0,"2":0},"b":{"0":[0,0],"1":[0,0]},"meta":{"lastBranch":2,"lastFunction":3,"lastStatement":11,"seen":{"f:13:7:13:13":0,"s:13:7:13:13":0,"s:14:2:14:Infinity":1,"s:15:2:16:Infinity":2,"f:18:12:18:40":1,"s:19:4:65:Infinity":3,"f:68:18:68:35":2,"s:69:24:79:Infinity":4,"s:81:25:84:Infinity":5,"s:86:10:86:Infinity":6,"s:89:6:91:Infinity":7,"b:90:10:90:Infinity:91:10:91:Infinity":0,"b:89:6:89:25:89:25:89:Infinity":1,"s:93:24:93:Infinity":8,"s:94:21:94:Infinity":9,"s:96:4:110:Infinity":10}}}
,"/Users/zhuqingyu/project/supercell/server/db/index.ts": {"path":"/Users/zhuqingyu/project/supercell/server/db/index.ts","statementMap":{"0":{"start":{"line":3,"column":30},"end":{"line":3,"column":null}},"1":{"start":{"line":5,"column":18},"end":{"line":5,"column":null}},"2":{"start":{"line":6,"column":16},"end":{"line":6,"column":null}},"3":{"start":{"line":8,"column":36},"end":{"line":8,"column":null}},"4":{"start":{"line":11,"column":2},"end":{"line":16,"column":null}},"5":{"start":{"line":12,"column":4},"end":{"line":12,"column":null}},"6":{"start":{"line":13,"column":4},"end":{"line":13,"column":null}},"7":{"start":{"line":14,"column":4},"end":{"line":14,"column":null}},"8":{"start":{"line":15,"column":4},"end":{"line":15,"column":null}},"9":{"start":{"line":17,"column":2},"end":{"line":17,"column":null}},"10":{"start":{"line":21,"column":2},"end":{"line":24,"column":null}},"11":{"start":{"line":22,"column":4},"end":{"line":22,"column":null}},"12":{"start":{"line":23,"column":4},"end":{"line":23,"column":null}},"13":{"start":{"line":28,"column":2},"end":{"line":70,"column":null}},"14":{"start":{"line":76,"column":13},"end":{"line":76,"column":null}},"15":{"start":{"line":77,"column":15},"end":{"line":79,"column":null}},"16":{"start":{"line":80,"column":2},"end":{"line":80,"column":null}},"17":{"start":{"line":87,"column":13},"end":{"line":87,"column":null}},"18":{"start":{"line":88,"column":17},"end":{"line":88,"column":null}},"19":{"start":{"line":89,"column":2},"end":{"line":93,"column":null}},"20":{"start":{"line":99,"column":2},"end":{"line":103,"column":null}},"21":{"start":{"line":107,"column":2},"end":{"line":115,"column":null}},"22":{"start":{"line":133,"column":13},"end":{"line":133,"column":null}},"23":{"start":{"line":134,"column":15},"end":{"line":138,"column":null}},"24":{"start":{"line":139,"column":15},"end":{"line":153,"column":null}},"25":{"start":{"line":140,"column":4},"end":{"line":152,"column":null}},"26":{"start":{"line":141,"column":6},"end":{"line":151,"column":null}},"27":{"start":{"line":154,"column":2},"end":{"line":154,"column":null}},"28":{"start":{"line":158,"column":13},"end":{"line":158,"column":null}},"29":{"start":{"line":159,"column":2},"end":{"line":170,"column":null}},"30":{"start":{"line":160,"column":4},"end":{"line":169,"column":null}},"31":{"start":{"line":171,"column":2},"end":{"line":178,"column":null}},"32":{"start":{"line":193,"column":13},"end":{"line":193,"column":null}},"33":{"start":{"line":194,"column":15},"end":{"line":197,"column":null}},"34":{"start":{"line":198,"column":15},"end":{"line":202,"column":null}},"35":{"start":{"line":199,"column":4},"end":{"line":201,"column":null}},"36":{"start":{"line":200,"column":6},"end":{"line":200,"column":null}},"37":{"start":{"line":203,"column":2},"end":{"line":203,"column":null}},"38":{"start":{"line":207,"column":13},"end":{"line":207,"column":null}},"39":{"start":{"line":208,"column":2},"end":{"line":218,"column":null}},"40":{"start":{"line":209,"column":4},"end":{"line":217,"column":null}},"41":{"start":{"line":219,"column":2},"end":{"line":227,"column":null}},"42":{"start":{"line":234,"column":17},"end":{"line":236,"column":null}},"43":{"start":{"line":237,"column":2},"end":{"line":237,"column":null}},"44":{"start":{"line":246,"column":13},"end":{"line":246,"column":null}},"45":{"start":{"line":247,"column":2},"end":{"line":253,"column":null}},"46":{"start":{"line":248,"column":4},"end":{"line":252,"column":null}},"47":{"start":{"line":254,"column":2},"end":{"line":256,"column":null}}},"fnMap":{"0":{"name":"getDB","decl":{"start":{"line":10,"column":16},"end":{"line":10,"column":43}},"loc":{"start":{"line":10,"column":43},"end":{"line":18,"column":null}},"line":10},"1":{"name":"closeDB","decl":{"start":{"line":20,"column":16},"end":{"line":20,"column":32}},"loc":{"start":{"line":20,"column":32},"end":{"line":25,"column":null}},"line":20},"2":{"name":"initSchema","decl":{"start":{"line":27,"column":9},"end":{"line":27,"column":20}},"loc":{"start":{"line":27,"column":43},"end":{"line":71,"column":null}},"line":27},"3":{"name":"createRun","decl":{"start":{"line":75,"column":16},"end":{"line":75,"column":26}},"loc":{"start":{"line":75,"column":53},"end":{"line":81,"column":null}},"line":75},"4":{"name":"finishRun","decl":{"start":{"line":83,"column":16},"end":{"line":83,"column":null}},"loc":{"start":{"line":86,"column":2},"end":{"line":94,"column":null}},"line":86},"5":{"name":"getLatestRun","decl":{"start":{"line":96,"column":16},"end":{"line":96,"column":null}},"loc":{"start":{"line":98,"column":39},"end":{"line":104,"column":null}},"line":98},"6":{"name":"getAllLatestRuns","decl":{"start":{"line":106,"column":16},"end":{"line":106,"column":62}},"loc":{"start":{"line":106,"column":62},"end":{"line":116,"column":null}},"line":106},"7":{"name":"insertFindings","decl":{"start":{"line":132,"column":16},"end":{"line":132,"column":31}},"loc":{"start":{"line":132,"column":55},"end":{"line":155,"column":null}},"line":132},"8":{"name":"(anonymous_8)","decl":{"start":{"line":139,"column":30},"end":{"line":139,"column":31}},"loc":{"start":{"line":139,"column":54},"end":{"line":153,"column":3}},"line":139},"9":{"name":"getFindings","decl":{"start":{"line":157,"column":16},"end":{"line":157,"column":28}},"loc":{"start":{"line":157,"column":75},"end":{"line":179,"column":null}},"line":157},"10":{"name":"insertIterations","decl":{"start":{"line":192,"column":16},"end":{"line":192,"column":33}},"loc":{"start":{"line":192,"column":61},"end":{"line":204,"column":null}},"line":192},"11":{"name":"(anonymous_11)","decl":{"start":{"line":198,"column":30},"end":{"line":198,"column":31}},"loc":{"start":{"line":198,"column":56},"end":{"line":202,"column":3}},"line":198},"12":{"name":"getPendingIterations","decl":{"start":{"line":206,"column":16},"end":{"line":206,"column":37}},"loc":{"start":{"line":206,"column":84},"end":{"line":228,"column":null}},"line":206},"13":{"name":"updateIterationStatus","decl":{"start":{"line":230,"column":16},"end":{"line":230,"column":null}},"loc":{"start":{"line":233,"column":11},"end":{"line":238,"column":null}},"line":233},"14":{"name":"getRunHistory","decl":{"start":{"line":242,"column":16},"end":{"line":242,"column":null}},"loc":{"start":{"line":245,"column":29},"end":{"line":257,"column":null}},"line":245}},"branchMap":{"0":{"loc":{"start":{"line":11,"column":2},"end":{"line":16,"column":null}},"type":"if","locations":[{"start":{"line":11,"column":2},"end":{"line":16,"column":null}},{"start":{},"end":{}}],"line":11},"1":{"loc":{"start":{"line":21,"column":2},"end":{"line":24,"column":null}},"type":"if","locations":[{"start":{"line":21,"column":2},"end":{"line":24,"column":null}},{"start":{},"end":{}}],"line":21},"2":{"loc":{"start":{"line":88,"column":17},"end":{"line":88,"column":null}},"type":"cond-expr","locations":[{"start":{"line":88,"column":30},"end":{"line":88,"column":40}},{"start":{"line":88,"column":40},"end":{"line":88,"column":null}}],"line":88},"3":{"loc":{"start":{"line":93,"column":16},"end":{"line":93,"column":36}},"type":"binary-expr","locations":[{"start":{"line":93,"column":16},"end":{"line":93,"column":30}},{"start":{"line":93,"column":30},"end":{"line":93,"column":36}}],"line":93},"4":{"loc":{"start":{"line":93,"column":36},"end":{"line":93,"column":58}},"type":"binary-expr","locations":[{"start":{"line":93,"column":36},"end":{"line":93,"column":52}},{"start":{"line":93,"column":52},"end":{"line":93,"column":58}}],"line":93},"5":{"loc":{"start":{"line":93,"column":58},"end":{"line":93,"column":78}},"type":"binary-expr","locations":[{"start":{"line":93,"column":58},"end":{"line":93,"column":72}},{"start":{"line":93,"column":72},"end":{"line":93,"column":78}}],"line":93},"6":{"loc":{"start":{"line":147,"column":8},"end":{"line":147,"column":null}},"type":"binary-expr","locations":[{"start":{"line":147,"column":8},"end":{"line":147,"column":18}},{"start":{"line":147,"column":18},"end":{"line":147,"column":null}}],"line":147},"7":{"loc":{"start":{"line":148,"column":8},"end":{"line":148,"column":null}},"type":"binary-expr","locations":[{"start":{"line":148,"column":8},"end":{"line":148,"column":18}},{"start":{"line":148,"column":18},"end":{"line":148,"column":null}}],"line":148},"8":{"loc":{"start":{"line":149,"column":8},"end":{"line":149,"column":null}},"type":"binary-expr","locations":[{"start":{"line":149,"column":8},"end":{"line":149,"column":24}},{"start":{"line":149,"column":24},"end":{"line":149,"column":null}}],"line":149},"9":{"loc":{"start":{"line":159,"column":2},"end":{"line":170,"column":null}},"type":"if","locations":[{"start":{"line":159,"column":2},"end":{"line":170,"column":null}},{"start":{},"end":{}}],"line":159},"10":{"loc":{"start":{"line":200,"column":49},"end":{"line":200,"column":70}},"type":"binary-expr","locations":[{"start":{"line":200,"column":49},"end":{"line":200,"column":64}},{"start":{"line":200,"column":64},"end":{"line":200,"column":70}}],"line":200},"11":{"loc":{"start":{"line":208,"column":2},"end":{"line":218,"column":null}},"type":"if","locations":[{"start":{"line":208,"column":2},"end":{"line":218,"column":null}},{"start":{},"end":{}}],"line":208},"12":{"loc":{"start":{"line":244,"column":2},"end":{"line":244,"column":null}},"type":"default-arg","locations":[{"start":{"line":244,"column":10},"end":{"line":244,"column":null}}],"line":244},"13":{"loc":{"start":{"line":247,"column":2},"end":{"line":253,"column":null}},"type":"if","locations":[{"start":{"line":247,"column":2},"end":{"line":253,"column":null}},{"start":{},"end":{}}],"line":247}},"s":{"0":1,"1":1,"2":1,"3":1,"4":0,"5":0,"6":0,"7":0,"8":0,"9":0,"10":0,"11":0,"12":0,"13":0,"14":0,"15":0,"16":0,"17":0,"18":0,"19":0,"20":0,"21":0,"22":0,"23":0,"24":0,"25":0,"26":0,"27":0,"28":0,"29":0,"30":0,"31":0,"32":0,"33":0,"34":0,"35":0,"36":0,"37":0,"38":0,"39":0,"40":0,"41":0,"42":0,"43":0,"44":0,"45":0,"46":0,"47":0},"f":{"0":0,"1":0,"2":0,"3":0,"4":0,"5":0,"6":0,"7":0,"8":0,"9":0,"10":0,"11":0,"12":0,"13":0,"14":0},"b":{"0":[0,0],"1":[0,0],"2":[0,0],"3":[0,0],"4":[0,0],"5":[0,0],"6":[0,0],"7":[0,0],"8":[0,0],"9":[0,0],"10":[0,0],"11":[0,0],"12":[0],"13":[0,0]},"meta":{"lastBranch":14,"lastFunction":15,"lastStatement":48,"seen":{"s:3:30:3:Infinity":0,"s:5:18:5:Infinity":1,"s:6:16:6:Infinity":2,"s:8:36:8:Infinity":3,"f:10:16:10:43":0,"b:11:2:16:Infinity:undefined:undefined:undefined:undefined":0,"s:11:2:16:Infinity":4,"s:12:4:12:Infinity":5,"s:13:4:13:Infinity":6,"s:14:4:14:Infinity":7,"s:15:4:15:Infinity":8,"s:17:2:17:Infinity":9,"f:20:16:20:32":1,"b:21:2:24:Infinity:undefined:undefined:undefined:undefined":1,"s:21:2:24:Infinity":10,"s:22:4:22:Infinity":11,"s:23:4:23:Infinity":12,"f:27:9:27:20":2,"s:28:2:70:Infinity":13,"f:75:16:75:26":3,"s:76:13:76:Infinity":14,"s:77:15:79:Infinity":15,"s:80:2:80:Infinity":16,"f:83:16:83:Infinity":4,"s:87:13:87:Infinity":17,"s:88:17:88:Infinity":18,"b:88:30:88:40:88:40:88:Infinity":2,"s:89:2:93:Infinity":19,"b:93:16:93:30:93:30:93:36":3,"b:93:36:93:52:93:52:93:58":4,"b:93:58:93:72:93:72:93:78":5,"f:96:16:96:Infinity":5,"s:99:2:103:Infinity":20,"f:106:16:106:62":6,"s:107:2:115:Infinity":21,"f:132:16:132:31":7,"s:133:13:133:Infinity":22,"s:134:15:138:Infinity":23,"s:139:15:153:Infinity":24,"f:139:30:139:31":8,"s:140:4:152:Infinity":25,"s:141:6:151:Infinity":26,"b:147:8:147:18:147:18:147:Infinity":6,"b:148:8:148:18:148:18:148:Infinity":7,"b:149:8:149:24:149:24:149:Infinity":8,"s:154:2:154:Infinity":27,"f:157:16:157:28":9,"s:158:13:158:Infinity":28,"b:159:2:170:Infinity:undefined:undefined:undefined:undefined":9,"s:159:2:170:Infinity":29,"s:160:4:169:Infinity":30,"s:171:2:178:Infinity":31,"f:192:16:192:33":10,"s:193:13:193:Infinity":32,"s:194:15:197:Infinity":33,"s:198:15:202:Infinity":34,"f:198:30:198:31":11,"s:199:4:201:Infinity":35,"s:200:6:200:Infinity":36,"b:200:49:200:64:200:64:200:70":10,"s:203:2:203:Infinity":37,"f:206:16:206:37":12,"s:207:13:207:Infinity":38,"b:208:2:218:Infinity:undefined:undefined:undefined:undefined":11,"s:208:2:218:Infinity":39,"s:209:4:217:Infinity":40,"s:219:2:227:Infinity":41,"f:230:16:230:Infinity":13,"s:234:17:236:Infinity":42,"s:237:2:237:Infinity":43,"f:242:16:242:Infinity":14,"b:244:10:244:Infinity":12,"s:246:13:246:Infinity":44,"b:247:2:253:Infinity:undefined:undefined:undefined:undefined":13,"s:247:2:253:Infinity":45,"s:248:4:252:Infinity":46,"s:254:2:256:Infinity":47}}}
,"/Users/zhuqingyu/project/supercell/server/routes/agents.validation.ts": {"path":"/Users/zhuqingyu/project/supercell/server/routes/agents.validation.ts","statementMap":{"0":{"start":{"line":6,"column":2},"end":{"line":8,"column":null}},"1":{"start":{"line":7,"column":4},"end":{"line":7,"column":null}},"2":{"start":{"line":10,"column":30},"end":{"line":10,"column":null}},"3":{"start":{"line":11,"column":15},"end":{"line":11,"column":null}},"4":{"start":{"line":13,"column":2},"end":{"line":32,"column":null}},"5":{"start":{"line":14,"column":4},"end":{"line":16,"column":null}},"6":{"start":{"line":15,"column":6},"end":{"line":15,"column":null}},"7":{"start":{"line":18,"column":10},"end":{"line":18,"column":null}},"8":{"start":{"line":19,"column":4},"end":{"line":24,"column":null}},"9":{"start":{"line":20,"column":6},"end":{"line":23,"column":null}},"10":{"start":{"line":26,"column":4},"end":{"line":28,"column":null}},"11":{"start":{"line":27,"column":6},"end":{"line":27,"column":null}},"12":{"start":{"line":30,"column":4},"end":{"line":30,"column":null}},"13":{"start":{"line":31,"column":4},"end":{"line":31,"column":null}},"14":{"start":{"line":34,"column":2},"end":{"line":34,"column":null}},"15":{"start":{"line":38,"column":17},"end":{"line":38,"column":null}},"16":{"start":{"line":39,"column":2},"end":{"line":39,"column":null}},"17":{"start":{"line":39,"column":28},"end":{"line":39,"column":null}},"18":{"start":{"line":40,"column":2},"end":{"line":40,"column":null}}},"fnMap":{"0":{"name":"parseAgentList","decl":{"start":{"line":3,"column":16},"end":{"line":3,"column":31}},"loc":{"start":{"line":5,"column":33},"end":{"line":35,"column":null}},"line":5},"1":{"name":"parseHistoryLimit","decl":{"start":{"line":37,"column":16},"end":{"line":37,"column":34}},"loc":{"start":{"line":37,"column":73},"end":{"line":41,"column":null}},"line":37}},"branchMap":{"0":{"loc":{"start":{"line":6,"column":2},"end":{"line":8,"column":null}},"type":"if","locations":[{"start":{"line":6,"column":2},"end":{"line":8,"column":null}},{"start":{},"end":{}}],"line":6},"1":{"loc":{"start":{"line":14,"column":4},"end":{"line":16,"column":null}},"type":"if","locations":[{"start":{"line":14,"column":4},"end":{"line":16,"column":null}},{"start":{},"end":{}}],"line":14},"2":{"loc":{"start":{"line":19,"column":4},"end":{"line":24,"column":null}},"type":"if","locations":[{"start":{"line":19,"column":4},"end":{"line":24,"column":null}},{"start":{},"end":{}}],"line":19},"3":{"loc":{"start":{"line":26,"column":4},"end":{"line":28,"column":null}},"type":"if","locations":[{"start":{"line":26,"column":4},"end":{"line":28,"column":null}},{"start":{},"end":{}}],"line":26},"4":{"loc":{"start":{"line":37,"column":50},"end":{"line":37,"column":73}},"type":"default-arg","locations":[{"start":{"line":37,"column":61},"end":{"line":37,"column":73}}],"line":37},"5":{"loc":{"start":{"line":38,"column":33},"end":{"line":38,"column":50}},"type":"binary-expr","locations":[{"start":{"line":38,"column":33},"end":{"line":38,"column":42}},{"start":{"line":38,"column":42},"end":{"line":38,"column":50}}],"line":38},"6":{"loc":{"start":{"line":39,"column":2},"end":{"line":39,"column":null}},"type":"if","locations":[{"start":{"line":39,"column":2},"end":{"line":39,"column":null}},{"start":{},"end":{}}],"line":39}},"s":{"0":5,"1":0,"2":5,"3":5,"4":5,"5":10,"6":0,"7":10,"8":10,"9":1,"10":9,"11":2,"12":7,"13":7,"14":2,"15":5,"16":5,"17":1,"18":4},"f":{"0":5,"1":5},"b":{"0":[0,5],"1":[0,10],"2":[1,9],"3":[2,7],"4":[5],"5":[5,0],"6":[1,4]},"meta":{"lastBranch":7,"lastFunction":2,"lastStatement":19,"seen":{"f:3:16:3:31":0,"b:6:2:8:Infinity:undefined:undefined:undefined:undefined":0,"s:6:2:8:Infinity":0,"s:7:4:7:Infinity":1,"s:10:30:10:Infinity":2,"s:11:15:11:Infinity":3,"s:13:2:32:Infinity":4,"b:14:4:16:Infinity:undefined:undefined:undefined:undefined":1,"s:14:4:16:Infinity":5,"s:15:6:15:Infinity":6,"s:18:10:18:Infinity":7,"b:19:4:24:Infinity:undefined:undefined:undefined:undefined":2,"s:19:4:24:Infinity":8,"s:20:6:23:Infinity":9,"b:26:4:28:Infinity:undefined:undefined:undefined:undefined":3,"s:26:4:28:Infinity":10,"s:27:6:27:Infinity":11,"s:30:4:30:Infinity":12,"s:31:4:31:Infinity":13,"s:34:2:34:Infinity":14,"f:37:16:37:34":1,"b:37:61:37:73":4,"s:38:17:38:Infinity":15,"b:38:33:38:42:38:42:38:50":5,"b:39:2:39:Infinity:undefined:undefined:undefined:undefined":6,"s:39:2:39:Infinity":16,"s:39:28:39:Infinity":17,"s:40:2:40:Infinity":18}}}
,"/Users/zhuqingyu/project/supercell/server/utils/codeReader.ts": {"path":"/Users/zhuqingyu/project/supercell/server/utils/codeReader.ts","statementMap":{"0":{"start":{"line":3,"column":30},"end":{"line":3,"column":null}},"1":{"start":{"line":5,"column":18},"end":{"line":5,"column":null}},"2":{"start":{"line":6,"column":28},"end":{"line":6,"column":null}},"3":{"start":{"line":7,"column":24},"end":{"line":7,"column":null}},"4":{"start":{"line":17,"column":18},"end":{"line":17,"column":null}},"5":{"start":{"line":18,"column":18},"end":{"line":18,"column":null}},"6":{"start":{"line":19,"column":2},"end":{"line":23,"column":null}},"7":{"start":{"line":30,"column":32},"end":{"line":30,"column":null}},"8":{"start":{"line":31,"column":2},"end":{"line":37,"column":null}},"9":{"start":{"line":32,"column":4},"end":{"line":36,"column":null}},"10":{"start":{"line":33,"column":6},"end":{"line":33,"column":null}},"11":{"start":{"line":38,"column":2},"end":{"line":38,"column":null}},"12":{"start":{"line":46,"column":18},"end":{"line":46,"column":null}},"13":{"start":{"line":47,"column":28},"end":{"line":47,"column":null}},"14":{"start":{"line":48,"column":2},"end":{"line":55,"column":null}},"15":{"start":{"line":49,"column":17},"end":{"line":49,"column":null}},"16":{"start":{"line":50,"column":4},"end":{"line":54,"column":null}},"17":{"start":{"line":51,"column":6},"end":{"line":51,"column":null}},"18":{"start":{"line":52,"column":4},"end":{"line":54,"column":null}},"19":{"start":{"line":53,"column":6},"end":{"line":53,"column":null}},"20":{"start":{"line":56,"column":2},"end":{"line":56,"column":null}},"21":{"start":{"line":61,"column":2},"end":{"line":66,"column":null}},"22":{"start":{"line":64,"column":8},"end":{"line":64,"column":null}},"23":{"start":{"line":71,"column":14},"end":{"line":71,"column":null}},"24":{"start":{"line":72,"column":2},"end":{"line":72,"column":null}}},"fnMap":{"0":{"name":"readSourceFile","decl":{"start":{"line":16,"column":22},"end":{"line":16,"column":37}},"loc":{"start":{"line":16,"column":75},"end":{"line":24,"column":null}},"line":16},"1":{"name":"readSourceFiles","decl":{"start":{"line":27,"column":22},"end":{"line":27,"column":null}},"loc":{"start":{"line":29,"column":25},"end":{"line":39,"column":null}},"line":29},"2":{"name":"listSourceFiles","decl":{"start":{"line":42,"column":22},"end":{"line":42,"column":null}},"loc":{"start":{"line":45,"column":21},"end":{"line":57,"column":null}},"line":45},"3":{"name":"formatFilesForPrompt","decl":{"start":{"line":60,"column":16},"end":{"line":60,"column":37}},"loc":{"start":{"line":60,"column":66},"end":{"line":67,"column":null}},"line":60},"4":{"name":"(anonymous_4)","decl":{"start":{"line":63,"column":6},"end":{"line":63,"column":7}},"loc":{"start":{"line":64,"column":8},"end":{"line":64,"column":null}},"line":64},"5":{"name":"readPackageJson","decl":{"start":{"line":70,"column":22},"end":{"line":70,"column":74}},"loc":{"start":{"line":70,"column":74},"end":{"line":73,"column":null}},"line":70}},"branchMap":{"0":{"loc":{"start":{"line":44,"column":2},"end":{"line":44,"column":null}},"type":"default-arg","locations":[{"start":{"line":44,"column":15},"end":{"line":44,"column":null}}],"line":44},"1":{"loc":{"start":{"line":50,"column":4},"end":{"line":54,"column":null}},"type":"if","locations":[{"start":{"line":50,"column":4},"end":{"line":54,"column":null}},{"start":{"line":52,"column":4},"end":{"line":54,"column":null}}],"line":50},"2":{"loc":{"start":{"line":50,"column":8},"end":{"line":50,"column":87}},"type":"binary-expr","locations":[{"start":{"line":50,"column":8},"end":{"line":50,"column":31}},{"start":{"line":50,"column":31},"end":{"line":50,"column":64}},{"start":{"line":50,"column":64},"end":{"line":50,"column":87}}],"line":50},"3":{"loc":{"start":{"line":52,"column":4},"end":{"line":54,"column":null}},"type":"if","locations":[{"start":{"line":52,"column":4},"end":{"line":54,"column":null}},{"start":{},"end":{}}],"line":52},"4":{"loc":{"start":{"line":52,"column":15},"end":{"line":52,"column":80}},"type":"binary-expr","locations":[{"start":{"line":52,"column":15},"end":{"line":52,"column":33}},{"start":{"line":52,"column":33},"end":{"line":52,"column":80}}],"line":52}},"s":{"0":1,"1":1,"2":1,"3":1,"4":0,"5":0,"6":0,"7":0,"8":0,"9":0,"10":0,"11":0,"12":0,"13":0,"14":0,"15":0,"16":0,"17":0,"18":0,"19":0,"20":0,"21":0,"22":0,"23":0,"24":0},"f":{"0":0,"1":0,"2":0,"3":0,"4":0,"5":0},"b":{"0":[0],"1":[0,0],"2":[0,0,0],"3":[0,0],"4":[0,0]},"meta":{"lastBranch":5,"lastFunction":6,"lastStatement":25,"seen":{"s:3:30:3:Infinity":0,"s:5:18:5:Infinity":1,"s:6:28:6:Infinity":2,"s:7:24:7:Infinity":3,"f:16:22:16:37":0,"s:17:18:17:Infinity":4,"s:18:18:18:Infinity":5,"s:19:2:23:Infinity":6,"f:27:22:27:Infinity":1,"s:30:32:30:Infinity":7,"s:31:2:37:Infinity":8,"s:32:4:36:Infinity":9,"s:33:6:33:Infinity":10,"s:38:2:38:Infinity":11,"f:42:22:42:Infinity":2,"b:44:15:44:Infinity":0,"s:46:18:46:Infinity":12,"s:47:28:47:Infinity":13,"s:48:2:55:Infinity":14,"s:49:17:49:Infinity":15,"b:50:4:54:Infinity:52:4:54:Infinity":1,"s:50:4:54:Infinity":16,"b:50:8:50:31:50:31:50:64:50:64:50:87":2,"s:51:6:51:Infinity":17,"b:52:4:54:Infinity:undefined:undefined:undefined:undefined":3,"s:52:4:54:Infinity":18,"b:52:15:52:33:52:33:52:80":4,"s:53:6:53:Infinity":19,"s:56:2:56:Infinity":20,"f:60:16:60:37":3,"s:61:2:66:Infinity":21,"f:63:6:63:7":4,"s:64:8:64:Infinity":22,"f:70:22:70:74":5,"s:71:14:71:Infinity":23,"s:72:2:72:Infinity":24}}}
,"/Users/zhuqingyu/project/supercell/server/utils/llm.ts": {"path":"/Users/zhuqingyu/project/supercell/server/utils/llm.ts","statementMap":{"0":{"start":{"line":4,"column":30},"end":{"line":4,"column":null}},"1":{"start":{"line":6,"column":18},"end":{"line":6,"column":null}},"2":{"start":{"line":7,"column":0},"end":{"line":7,"column":null}},"3":{"start":{"line":10,"column":2},"end":{"line":12,"column":null}},"4":{"start":{"line":15,"column":2},"end":{"line":17,"column":null}},"5":{"start":{"line":20,"column":2},"end":{"line":22,"column":null}},"6":{"start":{"line":24,"column":29},"end":{"line":24,"column":null}},"7":{"start":{"line":27,"column":2},"end":{"line":29,"column":null}},"8":{"start":{"line":28,"column":4},"end":{"line":28,"column":null}},"9":{"start":{"line":30,"column":2},"end":{"line":30,"column":null}},"10":{"start":{"line":42,"column":23},"end":{"line":42,"column":null}},"11":{"start":{"line":49,"column":17},"end":{"line":49,"column":null}},"12":{"start":{"line":50,"column":18},"end":{"line":64,"column":null}},"13":{"start":{"line":51,"column":21},"end":{"line":62,"column":null}},"14":{"start":{"line":63,"column":4},"end":{"line":63,"column":null}},"15":{"start":{"line":67,"column":2},"end":{"line":76,"column":null}},"16":{"start":{"line":67,"column":15},"end":{"line":67,"column":18}},"17":{"start":{"line":68,"column":4},"end":{"line":75,"column":null}},"18":{"start":{"line":69,"column":6},"end":{"line":69,"column":null}},"19":{"start":{"line":71,"column":6},"end":{"line":71,"column":null}},"20":{"start":{"line":73,"column":6},"end":{"line":73,"column":null}},"21":{"start":{"line":73,"column":63},"end":{"line":73,"column":null}},"22":{"start":{"line":74,"column":6},"end":{"line":74,"column":null}},"23":{"start":{"line":74,"column":17},"end":{"line":74,"column":null}},"24":{"start":{"line":74,"column":42},"end":{"line":74,"column":70}},"25":{"start":{"line":77,"column":2},"end":{"line":77,"column":null}},"26":{"start":{"line":84,"column":17},"end":{"line":84,"column":null}},"27":{"start":{"line":85,"column":14},"end":{"line":85,"column":null}},"28":{"start":{"line":86,"column":2},"end":{"line":86,"column":null}}},"fnMap":{"0":{"name":"getLLMClient","decl":{"start":{"line":26,"column":16},"end":{"line":26,"column":39}},"loc":{"start":{"line":26,"column":39},"end":{"line":31,"column":null}},"line":26},"1":{"name":"callLLM","decl":{"start":{"line":48,"column":22},"end":{"line":48,"column":30}},"loc":{"start":{"line":48,"column":69},"end":{"line":78,"column":null}},"line":48},"2":{"name":"(anonymous_2)","decl":{"start":{"line":50,"column":18},"end":{"line":50,"column":30}},"loc":{"start":{"line":50,"column":30},"end":{"line":64,"column":null}},"line":50},"3":{"name":"(anonymous_3)","decl":{"start":{"line":74,"column":35},"end":{"line":74,"column":36}},"loc":{"start":{"line":74,"column":42},"end":{"line":74,"column":70}},"line":74},"4":{"name":"extractJSON","decl":{"start":{"line":83,"column":16},"end":{"line":83,"column":41}},"loc":{"start":{"line":83,"column":58},"end":{"line":87,"column":null}},"line":83}},"branchMap":{"0":{"loc":{"start":{"line":10,"column":2},"end":{"line":12,"column":null}},"type":"binary-expr","locations":[{"start":{"line":10,"column":2},"end":{"line":10,"column":null}},{"start":{"line":11,"column":2},"end":{"line":11,"column":null}},{"start":{"line":12,"column":2},"end":{"line":12,"column":null}}],"line":10},"1":{"loc":{"start":{"line":15,"column":2},"end":{"line":17,"column":null}},"type":"binary-expr","locations":[{"start":{"line":15,"column":2},"end":{"line":15,"column":null}},{"start":{"line":16,"column":2},"end":{"line":16,"column":null}},{"start":{"line":17,"column":2},"end":{"line":17,"column":null}}],"line":15},"2":{"loc":{"start":{"line":20,"column":2},"end":{"line":22,"column":null}},"type":"binary-expr","locations":[{"start":{"line":20,"column":2},"end":{"line":20,"column":null}},{"start":{"line":21,"column":2},"end":{"line":21,"column":null}},{"start":{"line":22,"column":2},"end":{"line":22,"column":null}}],"line":20},"3":{"loc":{"start":{"line":27,"column":2},"end":{"line":29,"column":null}},"type":"if","locations":[{"start":{"line":27,"column":2},"end":{"line":29,"column":null}},{"start":{},"end":{}}],"line":27},"4":{"loc":{"start":{"line":53,"column":15},"end":{"line":53,"column":null}},"type":"binary-expr","locations":[{"start":{"line":53,"column":15},"end":{"line":53,"column":29}},{"start":{"line":53,"column":29},"end":{"line":53,"column":null}}],"line":53},"5":{"loc":{"start":{"line":54,"column":21},"end":{"line":54,"column":null}},"type":"binary-expr","locations":[{"start":{"line":54,"column":21},"end":{"line":54,"column":41}},{"start":{"line":54,"column":41},"end":{"line":54,"column":null}}],"line":54},"6":{"loc":{"start":{"line":55,"column":20},"end":{"line":55,"column":null}},"type":"binary-expr","locations":[{"start":{"line":55,"column":20},"end":{"line":55,"column":38}},{"start":{"line":55,"column":38},"end":{"line":55,"column":null}}],"line":55},"7":{"loc":{"start":{"line":63,"column":11},"end":{"line":63,"column":null}},"type":"binary-expr","locations":[{"start":{"line":63,"column":11},"end":{"line":63,"column":52}},{"start":{"line":63,"column":52},"end":{"line":63,"column":null}}],"line":63},"8":{"loc":{"start":{"line":73,"column":6},"end":{"line":73,"column":null}},"type":"if","locations":[{"start":{"line":73,"column":6},"end":{"line":73,"column":null}},{"start":{},"end":{}}],"line":73},"9":{"loc":{"start":{"line":73,"column":10},"end":{"line":73,"column":63}},"type":"binary-expr","locations":[{"start":{"line":73,"column":10},"end":{"line":73,"column":34}},{"start":{"line":73,"column":34},"end":{"line":73,"column":63}}],"line":73},"10":{"loc":{"start":{"line":74,"column":6},"end":{"line":74,"column":null}},"type":"if","locations":[{"start":{"line":74,"column":6},"end":{"line":74,"column":null}},{"start":{},"end":{}}],"line":74},"11":{"loc":{"start":{"line":85,"column":14},"end":{"line":85,"column":null}},"type":"cond-expr","locations":[{"start":{"line":85,"column":23},"end":{"line":85,"column":42}},{"start":{"line":85,"column":42},"end":{"line":85,"column":null}}],"line":85}},"s":{"0":1,"1":1,"2":1,"3":1,"4":1,"5":1,"6":1,"7":0,"8":0,"9":0,"10":1,"11":0,"12":0,"13":0,"14":0,"15":0,"16":0,"17":0,"18":0,"19":0,"20":0,"21":0,"22":0,"23":0,"24":0,"25":0,"26":0,"27":0,"28":0},"f":{"0":0,"1":0,"2":0,"3":0,"4":0},"b":{"0":[1,0,0],"1":[1,0,0],"2":[1,1,1],"3":[0,0],"4":[0,0],"5":[0,0],"6":[0,0],"7":[0,0],"8":[0,0],"9":[0,0],"10":[0,0],"11":[0,0]},"meta":{"lastBranch":12,"lastFunction":5,"lastStatement":29,"seen":{"s:4:30:4:Infinity":0,"s:6:18:6:Infinity":1,"s:7:0:7:Infinity":2,"s:10:2:12:Infinity":3,"b:10:2:10:Infinity:11:2:11:Infinity:12:2:12:Infinity":0,"s:15:2:17:Infinity":4,"b:15:2:15:Infinity:16:2:16:Infinity:17:2:17:Infinity":1,"s:20:2:22:Infinity":5,"b:20:2:20:Infinity:21:2:21:Infinity:22:2:22:Infinity":2,"s:24:29:24:Infinity":6,"f:26:16:26:39":0,"b:27:2:29:Infinity:undefined:undefined:undefined:undefined":3,"s:27:2:29:Infinity":7,"s:28:4:28:Infinity":8,"s:30:2:30:Infinity":9,"s:42:23:42:Infinity":10,"f:48:22:48:30":1,"s:49:17:49:Infinity":11,"s:50:18:64:Infinity":12,"f:50:18:50:30":2,"s:51:21:62:Infinity":13,"b:53:15:53:29:53:29:53:Infinity":4,"b:54:21:54:41:54:41:54:Infinity":5,"b:55:20:55:38:55:38:55:Infinity":6,"s:63:4:63:Infinity":14,"b:63:11:63:52:63:52:63:Infinity":7,"s:67:2:76:Infinity":15,"s:67:15:67:18":16,"s:68:4:75:Infinity":17,"s:69:6:69:Infinity":18,"s:71:6:71:Infinity":19,"b:73:6:73:Infinity:undefined:undefined:undefined:undefined":8,"s:73:6:73:Infinity":20,"b:73:10:73:34:73:34:73:63":9,"s:73:63:73:Infinity":21,"b:74:6:74:Infinity:undefined:undefined:undefined:undefined":10,"s:74:6:74:Infinity":22,"s:74:17:74:Infinity":23,"f:74:35:74:36":3,"s:74:42:74:70":24,"s:77:2:77:Infinity":25,"f:83:16:83:41":4,"s:84:17:84:Infinity":26,"s:85:14:85:Infinity":27,"b:85:23:85:42:85:42:85:Infinity":11,"s:86:2:86:Infinity":28}}}
,"/Users/zhuqingyu/project/supercell/src/createStore/index.ts": {"path":"/Users/zhuqingyu/project/supercell/src/createStore/index.ts","statementMap":{"0":{"start":{"line":23,"column":23},"end":{"line":23,"column":null}},"1":{"start":{"line":23,"column":29},"end":{"line":23,"column":null}},"2":{"start":{"line":26,"column":30},"end":{"line":26,"column":null}},"3":{"start":{"line":27,"column":8},"end":{"line":27,"column":null}},"4":{"start":{"line":27,"column":30},"end":{"line":27,"column":66}},"5":{"start":{"line":35,"column":14},"end":{"line":35,"column":null}},"6":{"start":{"line":36,"column":14},"end":{"line":36,"column":null}},"7":{"start":{"line":37,"column":14},"end":{"line":37,"column":null}},"8":{"start":{"line":38,"column":14},"end":{"line":38,"column":null}},"9":{"start":{"line":41,"column":8},"end":{"line":45,"column":null}},"10":{"start":{"line":42,"column":12},"end":{"line":42,"column":null}},"11":{"start":{"line":43,"column":12},"end":{"line":43,"column":null}},"12":{"start":{"line":44,"column":12},"end":{"line":44,"column":null}},"13":{"start":{"line":47,"column":8},"end":{"line":65,"column":null}},"14":{"start":{"line":48,"column":36},"end":{"line":48,"column":null}},"15":{"start":{"line":49,"column":12},"end":{"line":49,"column":null}},"16":{"start":{"line":51,"column":12},"end":{"line":53,"column":null}},"17":{"start":{"line":52,"column":16},"end":{"line":52,"column":null}},"18":{"start":{"line":55,"column":12},"end":{"line":64,"column":null}},"19":{"start":{"line":56,"column":37},"end":{"line":56,"column":null}},"20":{"start":{"line":57,"column":35},"end":{"line":57,"column":null}},"21":{"start":{"line":58,"column":37},"end":{"line":58,"column":null}},"22":{"start":{"line":60,"column":16},"end":{"line":63,"column":null}},"23":{"start":{"line":61,"column":20},"end":{"line":61,"column":null}},"24":{"start":{"line":62,"column":20},"end":{"line":62,"column":null}},"25":{"start":{"line":67,"column":8},"end":{"line":70,"column":null}},"26":{"start":{"line":69,"column":12},"end":{"line":69,"column":null}},"27":{"start":{"line":74,"column":30},"end":{"line":74,"column":null}},"28":{"start":{"line":74,"column":53},"end":{"line":74,"column":null}},"29":{"start":{"line":75,"column":8},"end":{"line":75,"column":null}},"30":{"start":{"line":78,"column":4},"end":{"line":86,"column":null}},"31":{"start":{"line":89,"column":32},"end":{"line":98,"column":null}},"32":{"start":{"line":94,"column":10},"end":{"line":94,"column":null}},"33":{"start":{"line":94,"column":57},"end":{"line":94,"column":66}},"34":{"start":{"line":95,"column":21},"end":{"line":95,"column":null}},"35":{"start":{"line":96,"column":20},"end":{"line":96,"column":null}},"36":{"start":{"line":97,"column":4},"end":{"line":97,"column":null}},"37":{"start":{"line":100,"column":27},"end":{"line":108,"column":null}},"38":{"start":{"line":104,"column":10},"end":{"line":104,"column":null}},"39":{"start":{"line":104,"column":49},"end":{"line":104,"column":58}},"40":{"start":{"line":105,"column":21},"end":{"line":105,"column":null}},"41":{"start":{"line":106,"column":20},"end":{"line":106,"column":null}},"42":{"start":{"line":107,"column":4},"end":{"line":107,"column":null}}},"fnMap":{"0":{"name":"buildStoreInterface","decl":{"start":{"line":18,"column":9},"end":{"line":18,"column":null}},"loc":{"start":{"line":22,"column":2},"end":{"line":87,"column":null}},"line":22},"1":{"name":"(anonymous_1)","decl":{"start":{"line":23,"column":23},"end":{"line":23,"column":29}},"loc":{"start":{"line":23,"column":29},"end":{"line":23,"column":null}},"line":23},"2":{"name":"useSelector","decl":{"start":{"line":25,"column":13},"end":{"line":25,"column":28}},"loc":{"start":{"line":25,"column":81},"end":{"line":28,"column":null}},"line":25},"3":{"name":"(anonymous_3)","decl":{"start":{"line":27,"column":23},"end":{"line":27,"column":30}},"loc":{"start":{"line":27,"column":30},"end":{"line":27,"column":66}},"line":27},"4":{"name":"useSelectorWatch","decl":{"start":{"line":30,"column":13},"end":{"line":30,"column":null}},"loc":{"start":{"line":34,"column":6},"end":{"line":71,"column":null}},"line":34},"5":{"name":"(anonymous_5)","decl":{"start":{"line":41,"column":24},"end":{"line":41,"column":30}},"loc":{"start":{"line":41,"column":30},"end":{"line":45,"column":9}},"line":41},"6":{"name":"(anonymous_6)","decl":{"start":{"line":47,"column":18},"end":{"line":47,"column":24}},"loc":{"start":{"line":47,"column":24},"end":{"line":65,"column":11}},"line":47},"7":{"name":"(anonymous_7)","decl":{"start":{"line":55,"column":38},"end":{"line":55,"column":39}},"loc":{"start":{"line":55,"column":53},"end":{"line":64,"column":13}},"line":55},"8":{"name":"(anonymous_8)","decl":{"start":{"line":67,"column":18},"end":{"line":67,"column":24}},"loc":{"start":{"line":67,"column":24},"end":{"line":70,"column":11}},"line":67},"9":{"name":"useStore","decl":{"start":{"line":73,"column":13},"end":{"line":73,"column":29}},"loc":{"start":{"line":73,"column":83},"end":{"line":76,"column":null}},"line":73},"10":{"name":"(anonymous_10)","decl":{"start":{"line":74,"column":43},"end":{"line":74,"column":44}},"loc":{"start":{"line":74,"column":53},"end":{"line":74,"column":null}},"line":74},"11":{"name":"(anonymous_11)","decl":{"start":{"line":89,"column":32},"end":{"line":89,"column":null}},"loc":{"start":{"line":93,"column":5},"end":{"line":98,"column":null}},"line":93},"12":{"name":"(anonymous_12)","decl":{"start":{"line":94,"column":51},"end":{"line":94,"column":57}},"loc":{"start":{"line":94,"column":57},"end":{"line":94,"column":66}},"line":94},"13":{"name":"(anonymous_13)","decl":{"start":{"line":100,"column":27},"end":{"line":100,"column":null}},"loc":{"start":{"line":103,"column":5},"end":{"line":108,"column":null}},"line":103},"14":{"name":"(anonymous_14)","decl":{"start":{"line":104,"column":43},"end":{"line":104,"column":49}},"loc":{"start":{"line":104,"column":49},"end":{"line":104,"column":58}},"line":104}},"branchMap":{"0":{"loc":{"start":{"line":51,"column":12},"end":{"line":53,"column":null}},"type":"if","locations":[{"start":{"line":51,"column":12},"end":{"line":53,"column":null}},{"start":{},"end":{}}],"line":51},"1":{"loc":{"start":{"line":57,"column":35},"end":{"line":57,"column":null}},"type":"binary-expr","locations":[{"start":{"line":57,"column":35},"end":{"line":57,"column":69}},{"start":{"line":57,"column":69},"end":{"line":57,"column":null}}],"line":57},"2":{"loc":{"start":{"line":60,"column":16},"end":{"line":63,"column":null}},"type":"if","locations":[{"start":{"line":60,"column":16},"end":{"line":63,"column":null}},{"start":{},"end":{}}],"line":60},"3":{"loc":{"start":{"line":74,"column":30},"end":{"line":74,"column":null}},"type":"binary-expr","locations":[{"start":{"line":74,"column":30},"end":{"line":74,"column":43}},{"start":{"line":74,"column":43},"end":{"line":74,"column":null}}],"line":74},"4":{"loc":{"start":{"line":96,"column":20},"end":{"line":96,"column":null}},"type":"cond-expr","locations":[{"start":{"line":96,"column":39},"end":{"line":96,"column":69}},{"start":{"line":96,"column":69},"end":{"line":96,"column":null}}],"line":96},"5":{"loc":{"start":{"line":106,"column":20},"end":{"line":106,"column":null}},"type":"cond-expr","locations":[{"start":{"line":106,"column":39},"end":{"line":106,"column":69}},{"start":{"line":106,"column":69},"end":{"line":106,"column":null}}],"line":106}},"s":{"0":2,"1":36,"2":0,"3":0,"4":0,"5":0,"6":0,"7":0,"8":0,"9":0,"10":0,"11":0,"12":0,"13":0,"14":0,"15":0,"16":0,"17":0,"18":0,"19":0,"20":0,"21":0,"22":0,"23":0,"24":0,"25":0,"26":0,"27":0,"28":0,"29":0,"30":2,"31":2,"32":2,"33":2,"34":2,"35":2,"36":2,"37":2,"38":0,"39":0,"40":0,"41":0,"42":0},"f":{"0":2,"1":36,"2":0,"3":0,"4":0,"5":0,"6":0,"7":0,"8":0,"9":0,"10":0,"11":2,"12":2,"13":0,"14":0},"b":{"0":[0,0],"1":[0,0],"2":[0,0],"3":[0,0],"4":[2,0],"5":[0,0]},"meta":{"lastBranch":6,"lastFunction":15,"lastStatement":43,"seen":{"f:18:9:18:Infinity":0,"s:23:23:23:Infinity":0,"f:23:23:23:29":1,"s:23:29:23:Infinity":1,"f:25:13:25:28":2,"s:26:30:26:Infinity":2,"s:27:8:27:Infinity":3,"f:27:23:27:30":3,"s:27:30:27:66":4,"f:30:13:30:Infinity":4,"s:35:14:35:Infinity":5,"s:36:14:36:Infinity":6,"s:37:14:37:Infinity":7,"s:38:14:38:Infinity":8,"s:41:8:45:Infinity":9,"f:41:24:41:30":5,"s:42:12:42:Infinity":10,"s:43:12:43:Infinity":11,"s:44:12:44:Infinity":12,"s:47:8:65:Infinity":13,"f:47:18:47:24":6,"s:48:36:48:Infinity":14,"s:49:12:49:Infinity":15,"b:51:12:53:Infinity:undefined:undefined:undefined:undefined":0,"s:51:12:53:Infinity":16,"s:52:16:52:Infinity":17,"s:55:12:64:Infinity":18,"f:55:38:55:39":7,"s:56:37:56:Infinity":19,"s:57:35:57:Infinity":20,"b:57:35:57:69:57:69:57:Infinity":1,"s:58:37:58:Infinity":21,"b:60:16:63:Infinity:undefined:undefined:undefined:undefined":2,"s:60:16:63:Infinity":22,"s:61:20:61:Infinity":23,"s:62:20:62:Infinity":24,"s:67:8:70:Infinity":25,"f:67:18:67:24":8,"s:69:12:69:Infinity":26,"f:73:13:73:29":9,"s:74:30:74:Infinity":27,"b:74:30:74:43:74:43:74:Infinity":3,"f:74:43:74:44":10,"s:74:53:74:Infinity":28,"s:75:8:75:Infinity":29,"s:78:4:86:Infinity":30,"s:89:32:98:Infinity":31,"f:89:32:89:Infinity":11,"s:94:10:94:Infinity":32,"f:94:51:94:57":12,"s:94:57:94:66":33,"s:95:21:95:Infinity":34,"s:96:20:96:Infinity":35,"b:96:39:96:69:96:69:96:Infinity":4,"s:97:4:97:Infinity":36,"s:100:27:108:Infinity":37,"f:100:27:100:Infinity":13,"s:104:10:104:Infinity":38,"f:104:43:104:49":14,"s:104:49:104:58":39,"s:105:21:105:Infinity":40,"s:106:20:106:Infinity":41,"b:106:39:106:69:106:69:106:Infinity":5,"s:107:4:107:Infinity":42}}}
,"/Users/zhuqingyu/project/supercell/src/service/index.ts": {"path":"/Users/zhuqingyu/project/supercell/src/service/index.ts","statementMap":{"0":{"start":{"line":3,"column":58},"end":{"line":3,"column":null}},"1":{"start":{"line":6,"column":26},"end":{"line":19,"column":null}},"2":{"start":{"line":7,"column":18},"end":{"line":7,"column":null}},"3":{"start":{"line":8,"column":19},"end":{"line":8,"column":null}},"4":{"start":{"line":9,"column":2},"end":{"line":11,"column":null}},"5":{"start":{"line":10,"column":4},"end":{"line":10,"column":null}},"6":{"start":{"line":12,"column":18},"end":{"line":16,"column":null}},"7":{"start":{"line":17,"column":2},"end":{"line":17,"column":null}},"8":{"start":{"line":18,"column":2},"end":{"line":18,"column":null}}},"fnMap":{"0":{"name":"(anonymous_0)","decl":{"start":{"line":6,"column":26},"end":{"line":6,"column":27}},"loc":{"start":{"line":6,"column":47},"end":{"line":19,"column":null}},"line":6}},"branchMap":{"0":{"loc":{"start":{"line":9,"column":2},"end":{"line":11,"column":null}},"type":"if","locations":[{"start":{"line":9,"column":2},"end":{"line":11,"column":null}},{"start":{},"end":{}}],"line":9}},"s":{"0":1,"1":1,"2":13,"3":13,"4":13,"5":5,"6":8,"7":13,"8":13},"f":{"0":13},"b":{"0":[5,8]},"meta":{"lastBranch":1,"lastFunction":1,"lastStatement":9,"seen":{"s:3:58:3:Infinity":0,"s:6:26:19:Infinity":1,"f:6:26:6:27":0,"s:7:18:7:Infinity":2,"s:8:19:8:Infinity":3,"b:9:2:11:Infinity:undefined:undefined:undefined:undefined":0,"s:9:2:11:Infinity":4,"s:10:4:10:Infinity":5,"s:12:18:16:Infinity":6,"s:17:2:17:Infinity":7,"s:18:2:18:Infinity":8}}}
,"/Users/zhuqingyu/project/supercell/src/service/modules/role.ts": {"path":"/Users/zhuqingyu/project/supercell/src/service/modules/role.ts","statementMap":{"0":{"start":{"line":13,"column":26},"end":{"line":96,"column":null}},"1":{"start":{"line":14,"column":56},"end":{"line":14,"column":null}},"2":{"start":{"line":20,"column":29},"end":{"line":20,"column":null}},"3":{"start":{"line":20,"column":57},"end":{"line":20,"column":74}},"4":{"start":{"line":23,"column":25},"end":{"line":23,"column":null}},"5":{"start":{"line":28,"column":28},"end":{"line":30,"column":null}},"6":{"start":{"line":30,"column":21},"end":{"line":30,"column":40}},"7":{"start":{"line":34,"column":30},"end":{"line":39,"column":null}},"8":{"start":{"line":35,"column":24},"end":{"line":35,"column":null}},"9":{"start":{"line":37,"column":24},"end":{"line":37,"column":null}},"10":{"start":{"line":38,"column":8},"end":{"line":38,"column":null}},"11":{"start":{"line":42,"column":10},"end":{"line":42,"column":null}},"12":{"start":{"line":46,"column":4},"end":{"line":87,"column":null}},"13":{"start":{"line":98,"column":24},"end":{"line":98,"column":null}},"14":{"start":{"line":101,"column":13},"end":{"line":101,"column":null}},"15":{"start":{"line":111,"column":19},"end":{"line":118,"column":null}},"16":{"start":{"line":120,"column":13},"end":{"line":122,"column":null}},"17":{"start":{"line":104,"column":8},"end":{"line":108,"column":null}},"18":{"start":{"line":105,"column":12},"end":{"line":105,"column":null}},"19":{"start":{"line":107,"column":12},"end":{"line":107,"column":null}},"20":{"start":{"line":112,"column":8},"end":{"line":112,"column":null}},"21":{"start":{"line":113,"column":8},"end":{"line":117,"column":null}},"22":{"start":{"line":114,"column":12},"end":{"line":114,"column":null}},"23":{"start":{"line":121,"column":8},"end":{"line":121,"column":null}},"24":{"start":{"line":125,"column":26},"end":{"line":125,"column":null}}},"fnMap":{"0":{"name":"(anonymous_0)","decl":{"start":{"line":13,"column":26},"end":{"line":13,"column":27}},"loc":{"start":{"line":13,"column":54},"end":{"line":96,"column":null}},"line":13},"1":{"name":"(anonymous_1)","decl":{"start":{"line":20,"column":52},"end":{"line":20,"column":57}},"loc":{"start":{"line":20,"column":57},"end":{"line":20,"column":74}},"line":20},"2":{"name":"(anonymous_2)","decl":{"start":{"line":30,"column":16},"end":{"line":30,"column":21}},"loc":{"start":{"line":30,"column":21},"end":{"line":30,"column":40}},"line":30},"3":{"name":"(anonymous_3)","decl":{"start":{"line":34,"column":50},"end":{"line":34,"column":55}},"loc":{"start":{"line":34,"column":55},"end":{"line":39,"column":5}},"line":34},"4":{"name":"(anonymous_4)","decl":{"start":{"line":103,"column":4},"end":{"line":103,"column":18}},"loc":{"start":{"line":103,"column":18},"end":{"line":109,"column":null}},"line":103},"5":{"name":"(anonymous_5)","decl":{"start":{"line":111,"column":19},"end":{"line":111,"column":20}},"loc":{"start":{"line":111,"column":39},"end":{"line":118,"column":null}},"line":111},"6":{"name":"(anonymous_6)","decl":{"start":{"line":120,"column":13},"end":{"line":120,"column":14}},"loc":{"start":{"line":120,"column":120},"end":{"line":122,"column":null}},"line":120}},"branchMap":{"0":{"loc":{"start":{"line":23,"column":25},"end":{"line":23,"column":null}},"type":"cond-expr","locations":[{"start":{"line":23,
[...]
3,"lastStatement":117,"seen":{"f:11:9:11:19":0,"s:12:26:12:Infinity":0,"s:14:8:19:Infinity":1,"f:14:33:14:39":1,"s:15:4:18:Infinity":2,"f:15:45:15:51":2,"s:16:6:16:Infinity":3,"s:17:6:17:Infinity":4,"f:17:17:17:23":3,"s:17:23:17:41":5,"f:18:7:18:13":4,"s:21:2:40:Infinity":6,"b:24:58:24:66:24:66:24:73":0,"f:30:24:30:30":5,"s:30:30:30:Infinity":7,"f:31:24:31:30":6,"s:31:30:31:Infinity":8,"b:34:20:34:30:34:30:34:Infinity":1,"f:45:9:45:22":7,"s:46:35:46:Infinity":9,"s:47:16:47:Infinity":10,"s:48:18:48:Infinity":11,"s:49:12:49:Infinity":12,"s:51:2:74:Infinity":13,"b:52:4:54:Infinity:undefined:undefined:undefined:undefined":2,"s:52:4:54:Infinity":14,"s:53:6:53:Infinity":15,"s:55:17:55:Infinity":16,"b:56:4:72:Infinity:58:4:72:Infinity":3,"s:56:4:72:Infinity":17,"s:57:6:57:Infinity":18,"b:58:4:72:Infinity:64:4:72:Infinity":4,"s:58:4:72:Infinity":19,"s:59:6:63:Infinity":20,"b:64:4:72:Infinity:70:4:72:Infinity":5,"s:64:4:72:Infinity":21,"s:65:6:69:Infinity":22,"b:70:4:72:Infinity:undefined:undefined:undefined:undefined":6,"s:70:4:72:Infinity":23,"s:71:6:71:Infinity":24,"s:73:4:73:Infinity":25,"b:75:2:75:Infinity:undefined:undefined:undefined:undefined":7,"s:75:2:75:Infinity":26,"s:75:31:75:Infinity":27,"s:76:2:76:Infinity":28,"f:80:9:80:29":8,"s:81:16:81:Infinity":29,"s:82:36:82:Infinity":30,"s:83:37:83:Infinity":31,"s:84:40:84:Infinity":32,"s:85:29:85:Infinity":33,"s:86:12:86:Infinity":34,"s:88:20:96:Infinity":35,"f:88:20:88:26":9,"b:89:4:89:Infinity:undefined:undefined:undefined:undefined":8,"s:89:4:89:Infinity":36,"s:89:27:89:Infinity":37,"s:90:4:94:Infinity":38,"s:95:4:95:Infinity":39,"s:97:23:105:Infinity":40,"f:97:23:97:29":10,"b:98:4:98:Infinity:undefined:undefined:undefined:undefined":9,"s:98:4:98:Infinity":41,"s:98:30:98:Infinity":42,"s:99:4:103:Infinity":43,"s:104:4:104:Infinity":44,"s:106:21:123:Infinity":45,"f:106:21:106:27":11,"b:107:4:107:Infinity:undefined:undefined:undefined:undefined":10,"s:107:4:107:Infinity":46,"s:107:28:107:Infinity":47,"s:108:4:121:Infinity":48,"f:114:24:114:25":12,"s:115:10:118:Infinity":49,"b:117:13:117:42:117:42:117:Infinity":11,"s:122:4:122:Infinity":50,"s:125:2:170:Infinity":51,"s:126:19:126:Infinity":52,"b:127:4:135:Infinity:undefined:undefined:undefined:undefined":12,"s:127:4:135:Infinity":53,"s:128:6:128:19":54,"s:128:19:128:35":55,"s:128:35:128:Infinity":56,"s:129:20:129:Infinity":57,"s:131:8:131:Infinity":58,"s:133:6:133:Infinity":59,"s:134:6:134:Infinity":60,"s:137:20:137:Infinity":61,"b:138:4:142:Infinity:undefined:undefined:undefined:undefined":13,"s:138:4:142:Infinity":62,"s:139:6:139:22":63,"s:139:22:139:Infinity":64,"s:140:6:140:Infinity":65,"s:141:6:141:Infinity":66,"s:144:20:144:Infinity":67,"b:145:4:149:Infinity:undefined:undefined:undefined:undefined":14,"s:145:4:149:Infinity":68,"s:146:6:146:19":69,"s:146:19:146:Infinity":70,"s:147:6:147:Infinity":71,"s:148:6:148:Infinity":72,"s:151:20:151:Infinity":73,"b:152:4:156:Infinity:undefined:undefined:undefined:undefined":15,"s:152:4:156:Infinity":74,"s:153:6:153:19":75,"s:153:19:153:Infinity":76,"s:154:6:154:Infinity":77,"s:155:6:155:Infinity":78,"b:158:4:162:Infinity:undefined:undefined:undefined:undefined":16,"s:158:4:162:Infinity":79,"s:159:6:159:19":80,"s:159:19:159:35":81,"s:159:35:159:Infinity":82,"s:160:6:160:Infinity":83,"s:161:6:161:Infinity":84,"s:164:4:164:17":85,"s:164:17:164:33":86,"s:164:33:164:Infinity":87,"b:165:4:169:Infinity:167:11:169:Infinity":17,"s:165:4:169:Infinity":88,"s:166:6:166:Infinity":89,"s:168:6:168:Infinity":90,"s:172:2:172:15":91,"s:172:15:172:31":92,"s:172:31:172:Infinity":93,"s:173:2:173:Infinity":94,"f:176:9:176:23":13,"s:177:16:177:Infinity":95,"s:178:2:184:Infinity":96,"f:178:19:178:20":14,"s:179:22:179:Infinity":97,"b:180:4:182:Infinity:undefined:undefined:undefined:undefined":18,"s:180:4:182:Infinity":98,"s:181:6:181:Infinity":99,"s:183:4:183:Infinity":100,"s:187:18:190:Infinity":101,"f:187:18:187:Infinity":15,"s:188:2:190:Infinity":102,"s:193:23:286:Infinity":103,"f:193:23:193:24":16,"s:194:24:194:Infinity":104,"b:194:47:194:65:194:65:194:Infinity":19,"s:195:22:195:Infinity":105,"s:196:26:196:Infinity":106,"s:198:8:203:Infinity":107,"f:198:40:198:46":17,"s:199:4:202:Infinity":108,"f:199:48:199:54":18,"s:200:6:200:Infinity":109,"s:201:6:201:Infinity":110,"f:201:17:201:23":19,"s:201:23:201:41":111,"f:202:7:202:13":20,"s:205:26:209:Infinity":112,"s:211:24:215:Infinity":113,"s:217:2:284:Infinity":114,"b:219:7:219:Infinity:220:8:229:Infinity":20,"b:236:29:236:45:236:45:236:Infinity":21,"b:239:10:247:Infinity:249:10:270:Infinity":22,"b:238:9:238:22:238:22:238:Infinity":23,"b:251:13:251:Infinity:252:14:255:Infinity":24,"b:257:13:257:28:257:28:257:39:257:39:257:Infinity:258:14:268:Infinity":25,"f:263:30:263:36":21,"s:263:36:263:Infinity":115,"f:264:30:264:36":22,"s:264:36:264:Infinity":116,"b:267:26:267:32:267:32:267:Infinity":26,"b:273:7:273:Infinity:274:8:282:Infinity":27}}}
,"/Users/zhuqingyu/project/supercell/src/uikit/UserInput/UserInput.module.css": {"path":"/Users/zhuqingyu/project/supercell/src/uikit/UserInput/UserInput.module.css","statementMap":{},"fnMap":{},"branchMap":{},"s":{},"f":{},"b":{},"meta":{"lastBranch":0,"lastFunction":0,"lastStatement":0,"seen":{}}}
,"/Users/zhuqingyu/project/supercell/src/uikit/UserInput/index.tsx": {"path":"/Users/zhuqingyu/project/supercell/src/uikit/UserInput/index.tsx","statementMap":{"0":{"start":{"line":15,"column":25},"end":{"line":170,"column":null}},"1":{"start":{"line":16,"column":108},"end":{"line":16,"column":null}},"2":{"start":{"line":17,"column":24},"end":{"line":17,"column":null}},"3":{"start":{"line":18,"column":50},"end":{"line":18,"column":null}},"4":{"start":{"line":19,"column":10},"end":{"line":19,"column":null}},"5":{"start":{"line":20,"column":10},"end":{"line":20,"column":null}},"6":{"start":{"line":22,"column":4},"end":{"line":24,"column":null}},"7":{"start":{"line":23,"column":8},"end":{"line":23,"column":null}},"8":{"start":{"line":26,"column":4},"end":{"line":35,"column":null}},"9":{"start":{"line":27,"column":8},"end":{"line":27,"column":null}},"10":{"start":{"line":27,"column":32},"end":{"line":27,"column":null}},"11":{"start":{"line":28,"column":35},"end":{"line":32,"column":null}},"12":{"start":{"line":29,"column":12},"end":{"line":31,"column":null}},"13":{"start":{"line":30,"column":16},"end":{"line":30,"column":null}},"14":{"start":{"line":33,"column":8},"end":{"line":33,"column":null}},"15":{"start":{"line":34,"column":8},"end":{"line":34,"column":null}},"16":{"start":{"line":34,"column":21},"end":{"line":34,"column":null}},"17":{"start":{"line":37,"column":24},"end":{"line":39,"column":null}},"18":{"start":{"line":41,"column":10},"end":{"line":46,"column":null}},"19":{"start":{"line":42,"column":19},"end":{"line":42,"column":null}},"20":{"start":{"line":43,"column":8},"end":{"line":43,"column":null}},"21":{"start":{"line":43,"column":17},"end":{"line":43,"column":null}},"22":{"start":{"line":44,"column":8},"end":{"line":44,"column":null}},"23":{"start":{"line":45,"column":8},"end":{"line":45,"column":null}},"24":{"start":{"line":48,"column":4},"end":{"line":50,"column":null}},"25":{"start":{"line":49,"column":8},"end":{"line":49,"column":null}},"26":{"start":{"line":52,"column":10},"end":{"line":63,"column":null}},"27":{"start":{"line":53,"column":8},"end":{"line":53,"column":null}},"28":{"start":{"line":53,"column":22},"end":{"line":53,"column":null}},"29":{"start":{"line":54,"column":24},"end":{"line":54,"column":null}},"30":{"start":{"line":55,"column":8},"end":{"line":55,"column":null}},"31":{"start":{"line":55,"column":22},"end":{"line":55,"column":null}},"32":{"start":{"line":56,"column":8},"end":{"line":56,"column":null}},"33":{"start":{"line":57,"column":8},"end":{"line":57,"column":null}},"34":{"start":{"line":58,"column":8},"end":{"line":58,"column":null}},"35":{"start":{"line":60,"column":8},"end":{"line":62,"column":null}},"36":{"start":{"line":61,"column":12},"end":{"line":61,"column":null}},"37":{"start":{"line":65,"column":10},"end":{"line":74,"column":null}},"38":{"start":{"line":67,"column":12},"end":{"line":67,"column":null}},"39":{"start":{"line":67,"column":35},"end":{"line":67,"column":null}},"40":{"start":{"line":68,"column":12},"end":{"line":68,"column":null}},"41":{"start":{"line":68,"column":43},"end":{"line":68,"column":null}},"42":{"start":{"line":69,"column":12},"end":{"line":69,"column":null}},"43":{"start":{"line":69,"column":28},"end":{"line":69,"column":null}},"44":{"start":{"line":70,"column":12},"end":{"line":70,"column":null}},"45":{"start":{"line":71,"column":12},"end":{"line":71,"column":null}},"46":{"start":{"line":76,"column":4},"end":{"line":168,"column":null}},"47":{"start":{"line":85,"column":47},"end":{"line":85,"column":null}},"48":{"start":{"line":85,"column":75},"end":{"line":85,"column":77}},"49":{"start":{"line":106,"column":40},"end":{"line":122,"column":null}},"50":{"start":{"line":113,"column":52},"end":{"line":113,"column":null}},"51":{"start":{"line":114,"column":52},"end":{"line":114,"column":null}},"52":{"start":{"line":141,"column":39},"end":{"line":141,"column":64}},"53":{"start":{"line":141,"column":64},"end":{"line":141,"column":92}}},"fnMap":{"0":{"name":"(anonymous_0)","decl":{"start":{"line":15,"column":25},"end":{"line":15,"column":26}},"loc":{"start":{"line":15,"column":52},"end":{"line":170,"column":null}},"line":15},"1":{"name":"(anonymous_1)","decl":{"start":{"line":22,"column":14},"end":{"line":22,"column":20}},"loc":{"start":{"line":22,"column":20},"end":{"line":24,"column":7}},"line":22},"2":{"name":"(anonymous_2)","decl":{"start":{"line":26,"column":14},"end":{"line":26,"column":20}},"loc":{"start":{"line":26,"column":20},"end":{"line":35,"column":7}},"line":26},"3":{"name":"(anonymous_3)","decl":{"start":{"line":28,"column":35},"end":{"line":28,"column":36}},"loc":{"start":{"line":28,"column":54},"end":{"line":32,"column":null}},"line":28},"4":{"name":"(anonymous_4)","decl":{"start":{"line":34,"column":15},"end":{"line":34,"column":21}},"loc":{"start":{"line":34,"column":21},"end":{"line":34,"column":null}},"line":34},"5":{"name":"(anonymous_5)","decl":{"start":{"line":41,"column":39},"end":{"line":41,"column":45}},"loc":{"start":{"line":41,"column":45},"end":{"line":46,"column":7}},"line":41},"6":{"name":"(anonymous_6)","decl":{"start":{"line":48,"column":14},"end":{"line":48,"column":20}},"loc":{"start":{"line":48,"column":20},"end":{"line":50,"column":7}},"line":48},"7":{"name":"(anonymous_7)","decl":{"start":{"line":52,"column":37},"end":{"line":52,"column":43}},"loc":{"start":{"line":52,"column":43},"end":{"line":63,"column":7}},"line":52},"8":{"name":"(anonymous_8)","decl":{"start":{"line":66,"column":8},"end":{"line":66,"column":9}},"loc":{"start":{"line":66,"column":57},"end":{"line":72,"column":null}},"line":66},"9":{"name":"(anonymous_9)","decl":{"start":{"line":85,"column":41},"end":{"line":85,"column":47}},"loc":{"start":{"line":85,"column":47},"end":{"line":85,"column":null}},"line":85},"10":{"name":"(anonymous_10)","decl":{"start":{"line":85,"column":68},"end":{"line":85,"column":69}},"loc":{"start":{"line":85,"column":75},"end":{"line":85,"column":77}},"line":85},"11":{"name":"(anonymous_11)","decl":{"start":{"line":105,"column":53},"end":{"line":105,"column":54}},"loc":{"start":{"line":106,"column":40},"end":{"line":122,"column":null}},"line":106},"12":{"name":"(anonymous_12)","decl":{"start":{"line":112,"column":57},"end":{"line":112,"column":63}},"loc":{"start":{"line":112,"column":63},"end":{"line":115,"column":null}},"line":112},"13":{"name":"(anonymous_13)","decl":{"start":{"line":141,"column":30},"end":{"line":141,"column":31}},"loc":{"start":{"line":141,"column":37},"end":{"line":141,"column":null}},"line":141}},"branchMap":{"0":{"loc":{"start":{"line":16,"column":79},"end":{"line":16,"column":97}},"type":"default-arg","locations":[{"start":{"line":16,"column":90},"end":{"line":16,"column":97}}],"line":16},"1":{"loc":{"start":{"line":27,"column":8},"end":{"line":27,"column":null}},"type":"if","locations":[{"start":{"line":27,"column":8},"end":{"line":27,"column":null}},{"start":{},"end":{}}],"line":27},"2":{"loc":{"start":{"line":29,"column":12},"end":{"line":31,"column":null}},"type":"if","locations":[{"start":{"line":29,"column":12},"end":{"line":31,"column":null}},{"start":{},"end":{}}],"line":29},"3":{"loc":{"start":{"line":29,"column":16},"end":{"line":29,"column":80}},"type":"binary-expr","locations":[{"start":{"line":29,"column":16},"end":{"line":29,"column":35}},{"start":{"line":29,"column":35},"end":{"line":29,"column":80}}],"line":29},"4":{"loc":{"start":{"line":37,"column":24},"end":{"line":39,"column":null}},"type":"cond-expr","locations":[{"start":{"line":38,"column":10},"end":{"line":38,"column":null}},{"start":{"line":39,"column":10},"end":{"line":39,"column":null}}],"line":37},"5":{"loc":{"start":{"line":43,"column":8},"end":{"line":43,"column":null}},"type":"if","locations":[{"start":{"line":43,"column":8},"end":{"line":43,"column":null}},{"start":{},"end":{}}],"line":43},"6":{"loc":{"start":{"line":53,"column":8},"end":{"line":53,"column":null}},"type":"if","locations":[{"start":{"line":53,"column":8},"end":{"line":53,"column":null}},{"start":{},"end":{}}],"line":53},"7":{"loc":{"start":{"line":55,"column":8},"end":{"line":55,"column":null}},"type":"if","locations":[{"start":{"line":55,"column":8},"end":{"line":55,"column":null}},{"start":{},"end":{}}],"line":55},"8":{"loc":{"start":{"line":60,"column":8},"end":{"line":62,"column":null}},"type":"if","locations":[{"start":{"line":60,"column":8},"end":{"line":62,"column":null}},{"start":{},"end":{}}],"line":60},"9":{"loc":{"start":{"line":67,"column":12},"end":{"line":67,"column":null}},"type":"if","locations":[{"start":{"line":67,"column":12},"end":{"line":67,"column":null}},{"start":{},"end":{}}],"line":67},"10":{"loc":{"start":{"line":68,"column":12},"end":{"line":68,"column":null}},"type":"if","locations":[{"start":{"line":68,"column":12},"end":{"line":68,"column":null}},{"start":{},"end":{}}],"line":68},"11":{"loc":{"start":{"line":69,"column":12},"end":{"line":69,"column":null}},"type":"if","locations":[{"start":{"line":69,"column":12},"end":{"line":69,"column":null}},{"start":{},"end":{}}],"line":69},"12":{"loc":{"start":{"line":78,"column":13},"end":{"line":133,"column":null}},"type":"binary-expr","locations":[{"start":{"line":78,"column":13},"end":{"line":78,"column":null}},{"start":{"line":79,"column":16},"end":{"line":133,"column":null}}],"line":78},"13":{"loc":{"start":{"line":80,"column":21},"end":{"line":131,"column":null}},"type":"cond-expr","locations":[{"start":{"line":81,"column":24},"end":{"line":126,"column":null}},{"start":{"line":128,"column":24},"end":{"line":131,"column":null}}],"line":80},"14":{"loc":{"start":{"line":93,"column":37},"end":{"line":93,"column":null}},"type":"cond-expr","locations":[{"start":{"line":93,"column":64},"end":{"line":93,"column":100}},{"start":{"line":93,"column":100},"end":{"line":93,"column":null}}],"line":93},"15":{"loc":{"start":{"line":96,"column":37},"end":{"line":96,"column":null}},"type":"cond-expr","locations":[{"start":{"line":96,"column":57},"end":{"line":96,"column":63}},{"start":{"line":96,"column":63},"end":{"line":96,"column":null}}],"line":96},"16":{"loc":{"start":{"line":99,"column":29},"end":{"line":124,"column":null}},"type":"binary-expr","locations":[{"start":{"line":99,"column":29},"end":{"line":99,"column":null}},{"start":{"line":100,"column":32},"end":{"line":124,"column":null}}],"line":99},"17":{"loc":{"start":{"line":118,"column":49},"end":{"line":119,"column":null}},"type":"binary-expr","locations":[{"start":{"line":118,"column":49},"end":{"line":118,"column":null}},{"start":{"line":119,"column":52},"end":{"line":119,"column":null}}],"line":118},"18":{"loc":{"start":{"line":139,"column":38},"end":{"line":139,"column":57}},"type":"cond-expr","locations":[{"start":{"line":139,"column":49},"end":{"line":139,"column":55}},{"start":{"line":139,"column":55},"end":{"line":139,"column":57}}],"line":139},"19":{"loc":{"start":{"line":143,"column":33},"end":{"line":143,"column":null}},"type":"cond-expr","locations":[{"start":{"line":143,"column":44},"end":{"line":143,"column":59}},{"start":{"line":143,"column":59},"end":{"line":143,"column":null}}],"line":143},"20":{"loc":{"start":{"line":147,"column":17},"end":{"line":165,"column":null}},"type":"cond-expr","locations":[{"start":{"line":148,"column":20},"end":{"line":155,"column":null}},{"start":{"line":157,"column":20},"end":{"line":165,"column":null}}],"line":147}},"s":{"0":1,"1":96,"2":96,"3":96,"4":96,"5":96,"6":96,"7":29,"8":96,"9":36,"10":30,"11":6,"12":1,"13":1,"14":6,"15":6,"16":6,"17":96,"18":96,"19":74,"20":74,"21":0,"22":74,"23":74,"24":96,"25":74,"26":96,"27":5,"28":1,"29":4,"30":4,"31":1,"32":3,"33":3,"34":3,"35":5,"36":3,"37":96,"38":46,"39":42,"40":4,"41":0,"42":4,"43":1,"44":3,"45":3,"46":96,"47":6,"48":6,"49":26,"50":1,"51":1,"52":42,"53":42},"f":{"0":96,"1":29,"2":36,"3":1,"4":6,"5":74,"6":74,"7":5,"8":46,"9":6,"10":6,"11":26,"12":1,"13":42},"b":{"0":[96],"1":[30,6],"2":[1,0],"3":[1,1],"4":[91,5],"5":[0,74],"6":[1,4],"7":[1,3],"8":[3,2],"9":[42,4],"10":[0,4],"11":[1,3],"12":[96,95],"13":[21,74],"14":[1,20],"15":[12,9],"16":[21,12],"17":[26,12],"18":[7,89],"19":[7,89],"20":[7,89]},"meta":{"lastBranch":21,"lastFunction":14,"lastStatement":54,"seen":{"s:15:25:170:Infinity":0,"f:15:25:15:26":0,"s:16:108:16:Infinity":1,"b:16:90:16:97":0,"s:17:24:17:Infinity":2,"s:18:50:18:Infinity":3,"s:19:10:19:Infinity":4,"s:20:10:20:Infinity":5,"s:22:4:24:Infinity":6,"f:22:14:22:20":1,"s:23:8:23:Infinity":7,"s:26:4:35:Infinity":8,"f:26:14:26:20":2,"b:27:8:27:Infinity:undefined:undefined:undefined:undefined":1,"s:27:8:27:Infinity":9,"s:27:32:27:Infinity":10,"s:28:35:32:Infinity":11,"f:28:35:28:36":3,"b:29:12:31:Infinity:undefined:undefined:undefined:undefined":2,"s:29:12:31:Infinity":12,"b:29:16:29:35:29:35:29:80":3,"s:30:16:30:Infinity":13,"s:33:8:33:Infinity":14,"s:34:8:34:Infinity":15,"f:34:15:34:21":4,"s:34:21:34:Infinity":16,"s:37:24:39:Infinity":17,"b:38:10:38:Infinity:39:10:39:Infinity":4,"s:41:10:46:Infinity":18,"f:41:39:41:45":5,"s:42:19:42:Infinity":19,"b:43:8:43:Infinity:undefined:undefined:undefined:undefined":5,"s:43:8:43:Infinity":20,"s:43:17:43:Infinity":21,"s:44:8:44:Infinity":22,"s:45:8:45:Infinity":23,"s:48:4:50:Infinity":24,"f:48:14:48:20":6,"s:49:8:49:Infinity":25,"s:52:10:63:Infinity":26,"f:52:37:52:43":7,"b:53:8:53:Infinity:undefined:undefined:undefined:undefined":6,"s:53:8:53:Infinity":27,"s:53:22:53:Infinity":28,"s:54:24:54:Infinity":29,"b:55:8:55:Infinity:undefined:undefined:undefined:undefined":7,"s:55:8:55:Infinity":30,"s:55:22:55:Infinity":31,"s:56:8:56:Infinity":32,"s:57:8:57:Infinity":33,"s:58:8:58:Infinity":34,"b:60:8:62:Infinity:undefined:undefined:undefined:undefined":8,"s:60:8:62:Infinity":35,"s:61:12:61:Infinity":36,"s:65:10:74:Infinity":37,"f:66:8:66:9":8,"b:67:12:67:Infinity:undefined:undefined:undefined:undefined":9,"s:67:12:67:Infinity":38,"s:67:35:67:Infinity":39,"b:68:12:68:Infinity:undefined:undefined:undefined:undefined":10,"s:68:12:68:Infinity":40,"s:68:43:68:Infinity":41,"b:69:12:69:Infinity:undefined:undefined:undefined:undefined":11,"s:69:12:69:Infinity":42,"s:69:28:69:Infinity":43,"s:70:12:70:Infinity":44,"s:71:12:71:Infinity":45,"s:76:4:168:Infinity":46,"b:78:13:78:Infinity:79:16:133:Infinity":12,"b:81:24:126:Infinity:128:24:131:Infinity":13,"f:85:41:85:47":9,"s:85:47:85:Infinity":47,"f:85:68:85:69":10,"s:85:75:85:77":48,"b:93:64:93:100:93:100:93:Infinity":14,"b:96:57:96:63:96:63:96:Infinity":15,"b:99:29:99:Infinity:100:32:124:Infinity":16,"f:105:53:105:54":11,"s:106:40:122:Infinity":49,"f:112:57:112:63":12,"s:113:52:113:Infinity":50,"s:114:52:114:Infinity":51,"b:118:49:118:Infinity:119:52:119:Infinity":17,"b:139:49:139:55:139:55:139:57":18,"f:141:30:141:31":13,"s:141:39:141:64":52,"s:141:64:141:92":53,"b:143:44:143:59:143:59:143:Infinity":19,"b:148:20:155:Infinity:157:20:165:Infinity":20}}}
}
